#
# A fatal error has been detected by the Java Runtime Environment:
#
#  EXCEPTION_ACCESS_VIOLATION (0xc0000005) at pc=0x0000000180005b00, pid=11476, tid=13440
#
# JRE version: Java(TM) SE Runtime Environment (9.0+181) (build 9+181)
# Java VM: Java HotSpot(TM) 64-Bit Server VM (9+181, mixed mode, tiered, compressed oops, g1 gc, windows-amd64)
# Problematic frame:
# C  [rxtxSerial.dll+0x5b00]
#
# No core dump will be written. Minidumps are not enabled by default on client versions of Windows
#
# If you would like to submit a bug report, please visit:
#   http://bugreport.java.com/bugreport/crash.jsp
# The crash happened outside the Java Virtual Machine in native code.
# See problematic frame for where to report the bug.
#

---------------  S U M M A R Y ------------

Command Line: -Dfile.encoding=UTF-8 --module-path=C:\Users\jarde\OneDrive\Documentos\GitHub\Archery_Simulator\Hardware\Comunicação Bluetooth\RXTX Java\Java read arduino sensors\JavaReadArduinoSensors\build\classes view.ViewSensors

Host: Intel(R) Core(TM) i7-5500U CPU @ 2.40GHz, 4 cores, 7G,  Windows 10 , 64 bit Build 16299 (10.0.16299.15)
Time: Mon Feb 19 21:01:00 2018 Hora Padrão de Buenos Aires elapsed time: 2 seconds (0d 0h 0m 2s)

---------------  T H R E A D  ---------------

Current thread (0x00000228c7a3b000):  JavaThread "Thread-1" [_thread_in_native, id=13440, stack(0x000000426f100000,0x000000426f200000)]

Stack: [0x000000426f100000,0x000000426f200000],  sp=0x000000426f1fde90,  free space=1015k
Native frames: (J=compiled Java code, j=interpreted, Vv=VM code, C=native code)
C  [rxtxSerial.dll+0x5b00]
C  [rxtxSerial.dll+0x6211]
C  0x00000228aea3921c

Java frames: (J=compiled Java code, j=interpreted, Vv=VM code)
j  gnu.io.RXTXPort.readArray([BII)I+0
j  gnu.io.RXTXPort$SerialInputStream.read([BII)I+212
j  sun.nio.cs.StreamDecoder.readBytes()I+135 java.base@9
j  sun.nio.cs.StreamDecoder.implRead([CII)I+112 java.base@9
j  sun.nio.cs.StreamDecoder.read([CII)I+180 java.base@9
j  java.io.InputStreamReader.read([CII)I+7 java.base@9
j  java.io.BufferedReader.fill()V+145 java.base@9
j  java.io.BufferedReader.readLine(Z)Ljava/lang/String;+44 java.base@9
j  java.io.BufferedReader.readLine()Ljava/lang/String;+2 java.base@9
j  util.ArduinoSerial.serialEvent(Lgnu/io/SerialPortEvent;)V+13
j  gnu.io.RXTXPort.sendEvent(IZ)Z+382
v  ~StubRoutines::call_stub
j  gnu.io.RXTXPort.eventLoop()V+0
j  gnu.io.RXTXPort$MonitorThread.run()V+12
v  ~StubRoutines::call_stub

siginfo: EXCEPTION_ACCESS_VIOLATION (0xc0000005), reading address 0x000000006f1fec98


Register to memory mapping:

RIP=0x0000000180005b00 rxtxSerial.dll
RAX=0x0000000000000001 is an unknown value
RBX=0x0000000000000000 is an unknown value
RCX=0x000000018001d4d5 rxtxSerial.dll
RDX=0xfffffffffffff665 is an unknown value
RSP=0x000000426f1fde90 is pointing into the stack for thread: 0x00000228c7a3b000
RBP=
[error occurred during error reporting (printing register info), id 0xc0000005]

Registers:
RAX=0x0000000000000001, RBX=0x0000000000000000, RCX=0x000000018001d4d5, RDX=0xfffffffffffff665
RSP=0x000000426f1fde90, RBP=0x00000000ffffffff, RSI=0x0000000000000000, RDI=0x00000228c7a3b218
R8 =0x0000000000000002, R9 =0xfffffffffffff63c, R10=0x000000000000000e, R11=0x8101010101010100
R12=0x000000006f1fec90, R13=0x0000000000000005, R14=0x000000426f1fe078, R15=0x0000000000000000
RIP=0x0000000180005b00, EFLAGS=0x0000000000010202

Top of Stack: (sp=0x000000426f1fde90)
0x000000426f1fde90:   0000000000000000 0000000000000000
0x000000426f1fdea0:   000000426f1fe080 0000000000000000
0x000000426f1fdeb0:   0000000000000000 000000426f1fe078
0x000000426f1fdec0:   00000228c8b8fde0 0000000000000001
0x000000426f1fded0:   00000228c7a3b218 0000000000000005
0x000000426f1fdee0:   ffffffffffffffff 0000000180006211
0x000000426f1fdef0:   00000228c7fa00b0 0000000000000005
0x000000426f1fdf00:   0000000000000001 00000228c7fa00b0
0x000000426f1fdf10:   0000000000000005 00000000ffffffff
0x000000426f1fdf20:   000000426f1fe080 00000228c8b8fde8
0x000000426f1fdf30:   00000228c7a3b000 00000228c7a04b40
0x000000426f1fdf40:   00000228c64daaa0 0000000061c68ff0
0x000000426f1fdf50:   000000426f1fe908 00000228c8b8fde8
0x000000426f1fdf60:   00000228aea28910 0000a99aee9b011f
0x000000426f1fdf70:   00000228c8b8fde8 00000228c8b8fde0
0x000000426f1fdf80:   00000228c7a3b000 000000426f1fe080 

Instructions: (pc=0x0000000180005b00)
0x0000000180005ae0:   15 23 7a 01 00 48 8d 48 60 e8 3a 5d 00 00 4c 8b
0x0000000180005af0:   e5 8b ac 24 88 00 00 00 44 8b ac 24 80 00 00 00
0x0000000180005b00:   45 8b 74 24 08 41 89 5c 24 08 41 8b fd 85 ed 78
0x0000000180005b10:   09 ff 15 e9 14 01 00 44 8b f8 45 85 ed 7e 4a 90 



---------------  P R O C E S S  ---------------

Java Threads: ( => current thread )
=>0x00000228c7a3b000 JavaThread "Thread-1" [_thread_in_native, id=13440, stack(0x000000426f100000,0x000000426f200000)]
  0x00000228c6ac4800 JavaThread "Thread-0" [_thread_in_Java, id=13576, stack(0x000000426f000000,0x000000426f100000)]
  0x00000228a2a11000 JavaThread "DestroyJavaVM" [_thread_blocked, id=10436, stack(0x000000426d300000,0x000000426d400000)]
  0x00000228c6922800 JavaThread "AWT-EventQueue-0" [_thread_blocked, id=13636, stack(0x000000426ef00000,0x000000426f000000)]
  0x00000228c652e800 JavaThread "AWT-Windows" daemon [_thread_in_native, id=11548, stack(0x000000426ee00000,0x000000426ef00000)]
  0x00000228c6423800 JavaThread "AWT-Shutdown" [_thread_blocked, id=11192, stack(0x000000426ed00000,0x000000426ee00000)]
  0x00000228c6365000 JavaThread "Java2D Disposer" daemon [_thread_blocked, id=756, stack(0x000000426ec00000,0x000000426ed00000)]
  0x00000228c63cb800 JavaThread "Service Thread" daemon [_thread_blocked, id=14252, stack(0x000000426ea00000,0x000000426eb00000)]
  0x00000228c5f5c800 JavaThread "Common-Cleaner" daemon [_thread_blocked, id=7832, stack(0x000000426e900000,0x000000426ea00000)]
  0x00000228c5ec5800 JavaThread "Sweeper thread" daemon [_thread_blocked, id=8908, stack(0x000000426e800000,0x000000426e900000)]
  0x00000228c5eb3800 JavaThread "C1 CompilerThread2" daemon [_thread_blocked, id=7452, stack(0x000000426e700000,0x000000426e800000)]
  0x00000228c5ead000 JavaThread "C2 CompilerThread1" daemon [_thread_blocked, id=14180, stack(0x000000426e600000,0x000000426e700000)]
  0x00000228c5ea6000 JavaThread "C2 CompilerThread0" daemon [_thread_in_native, id=1204, stack(0x000000426e500000,0x000000426e600000)]
  0x00000228c5ea5800 JavaThread "Attach Listener" daemon [_thread_blocked, id=5936, stack(0x000000426e400000,0x000000426e500000)]
  0x00000228c5ea3800 JavaThread "Signal Dispatcher" daemon [_thread_blocked, id=12904, stack(0x000000426e300000,0x000000426e400000)]
  0x00000228c5e56800 JavaThread "Finalizer" daemon [_thread_blocked, id=12248, stack(0x000000426e100000,0x000000426e200000)]
  0x00000228c5e4d800 JavaThread "Reference Handler" daemon [_thread_blocked, id=13176, stack(0x000000426e000000,0x000000426e100000)]

Other Threads:
  0x00000228c5e48000 VMThread "VM Thread" [stack: 0x000000426df00000,0x000000426e000000] [id=13564]
  0x00000228c634f000 WatcherThread [stack: 0x000000426eb00000,0x000000426ec00000] [id=3448]
  0x00000228a2a28800 GCTaskThread "GC Thread#0" [stack: 0x000000426d400000,0x000000426d500000] [id=6752]
  0x00000228a2a2a000 GCTaskThread "GC Thread#1" [stack: 0x000000426d500000,0x000000426d600000] [id=4260]
  0x00000228a2a2c000 GCTaskThread "GC Thread#2" [stack: 0x000000426d600000,0x000000426d700000] [id=10756]
  0x00000228a2a2f800 GCTaskThread "GC Thread#3" [stack: 0x000000426d700000,0x000000426d800000] [id=13848]
  0x00000228a2ab2000 ConcurrentGCThread "G1 Main Marker" [stack: 0x000000426dd00000,0x000000426de00000] [id=2676]
  0x00000228a2abe000 ConcurrentGCThread "G1 Marker#0" [stack: 0x000000426de00000,0x000000426df00000] [id=11464]
  0x00000228a2a3d800 ConcurrentGCThread "G1 Refine#0" [stack: 0x000000426db00000,0x000000426dc00000] [id=14064]
  0x00000228a2a3b000 ConcurrentGCThread "G1 Refine#1" [stack: 0x000000426da00000,0x000000426db00000] [id=13820]
  0x00000228a2a3a800 ConcurrentGCThread "G1 Refine#2" [stack: 0x000000426d900000,0x000000426da00000] [id=4776]
  0x00000228a2a32800 ConcurrentGCThread "G1 Refine#3" [stack: 0x000000426d800000,0x000000426d900000] [id=12632]
  0x00000228a2a46800 ConcurrentGCThread "G1 Young RemSet Sampling" [stack: 0x000000426dc00000,0x000000426dd00000] [id=13416]

Threads with active compile tasks:
C2 CompilerThread01753   !   4       java.awt.event.InvocationEvent::dispatch (69 bytes)

VM state:not at safepoint (normal execution)

VM Mutex/Monitor currently owned by a thread: None

Heap address: 0x0000000081a00000, size: 2022 MB, Compressed Oops mode: 32-bit
Narrow klass base: 0x0000000000000000, Narrow klass shift: 3
Compressed class space size: 1073741824 Address: 0x0000000100000000

Heap:
 garbage-first heap   total 131072K, used 60752K [0x0000000081a00000, 0x0000000081b00400, 0x0000000100000000)
  region size 1024K, 58 young (59392K), 1 survivors (1024K)
 Metaspace       used 15566K, capacity 16456K, committed 16512K, reserved 1064960K
  class space    used 1691K, capacity 1893K, committed 1920K, reserved 1048576K
Heap Regions: E=young(eden), S=young(survivor), O=old, HS=humongous(starts), HC=humongous(continues), CS=collection set, F=free, A=archive, TS=gc time stamp, AC=allocation context, TAMS=top-at-mark-start (previous, next)
|   0|0x0000000081a00000, 0x0000000081b00000, 0x0000000081b00000|100%| O|  |TS  1|AC  0|TAMS 0x0000000081a00000, 0x0000000081a00000|
|   1|0x0000000081b00000, 0x0000000081c00000, 0x0000000081c00000|100%| O|  |TS  3|AC  0|TAMS 0x0000000081b00000, 0x0000000081b00000|
|   2|0x0000000081c00000, 0x0000000081d00000, 0x0000000081d00000|100%| O|  |TS  3|AC  0|TAMS 0x0000000081c00000, 0x0000000081c00000|
|   3|0x0000000081d00000, 0x0000000081d41a00, 0x0000000081e00000| 25%| O|  |TS  5|AC  0|TAMS 0x0000000081d00000, 0x0000000081d00000|
|   4|0x0000000081e00000, 0x0000000081e00000, 0x0000000081f00000|  0%| F|  |TS  0|AC  0|TAMS 0x0000000081e00000, 0x0000000081e00000|
|   5|0x0000000081f00000, 0x0000000081f00000, 0x0000000082000000|  0%| F|  |TS  0|AC  0|TAMS 0x0000000081f00000, 0x0000000081f00000|
|   6|0x0000000082000000, 0x0000000082000000, 0x0000000082100000|  0%| F|  |TS  0|AC  0|TAMS 0x0000000082000000, 0x0000000082000000|
|   7|0x0000000082100000, 0x0000000082100000, 0x0000000082200000|  0%| F|  |TS  0|AC  0|TAMS 0x0000000082100000, 0x0000000082100000|
|   8|0x0000000082200000, 0x0000000082200000, 0x0000000082300000|  0%| F|  |TS  0|AC  0|TAMS 0x0000000082200000, 0x0000000082200000|
|   9|0x0000000082300000, 0x0000000082300000, 0x0000000082400000|  0%| F|  |TS  0|AC  0|TAMS 0x0000000082300000, 0x0000000082300000|
|  10|0x0000000082400000, 0x0000000082400000, 0x0000000082500000|  0%| F|  |TS  0|AC  0|TAMS 0x0000000082400000, 0x0000000082400000|
|  11|0x0000000082500000, 0x0000000082500000, 0x0000000082600000|  0%| F|  |TS  0|AC  0|TAMS 0x0000000082500000, 0x0000000082500000|
|  12|0x0000000082600000, 0x0000000082600000, 0x0000000082700000|  0%| F|  |TS  0|AC  0|TAMS 0x0000000082600000, 0x0000000082600000|
|  13|0x0000000082700000, 0x0000000082700000, 0x0000000082800000|  0%| F|  |TS  0|AC  0|TAMS 0x0000000082700000, 0x0000000082700000|
|  14|0x0000000082800000, 0x0000000082800000, 0x0000000082900000|  0%| F|  |TS  0|AC  0|TAMS 0x0000000082800000, 0x0000000082800000|
|  15|0x0000000082900000, 0x0000000082900000, 0x0000000082a00000|  0%| F|  |TS  0|AC  0|TAMS 0x0000000082900000, 0x0000000082900000|
|  16|0x0000000082a00000, 0x0000000082a00000, 0x0000000082b00000|  0%| F|  |TS  0|AC  0|TAMS 0x0000000082a00000, 0x0000000082a00000|
|  17|0x0000000082b00000, 0x0000000082b00000, 0x0000000082c00000|  0%| F|  |TS  0|AC  0|TAMS 0x0000000082b00000, 0x0000000082b00000|
|  18|0x0000000082c00000, 0x0000000082c00000, 0x0000000082d00000|  0%| F|  |TS  0|AC  0|TAMS 0x0000000082c00000, 0x0000000082c00000|
|  19|0x0000000082d00000, 0x0000000082d00000, 0x0000000082e00000|  0%| F|  |TS  0|AC  0|TAMS 0x0000000082d00000, 0x0000000082d00000|
|  20|0x0000000082e00000, 0x0000000082e00000, 0x0000000082f00000|  0%| F|  |TS  0|AC  0|TAMS 0x0000000082e00000, 0x0000000082e00000|
|  21|0x0000000082f00000, 0x0000000082f00000, 0x0000000083000000|  0%| F|  |TS  0|AC  0|TAMS 0x0000000082f00000, 0x0000000082f00000|
|  22|0x0000000083000000, 0x0000000083000000, 0x0000000083100000|  0%| F|  |TS  0|AC  0|TAMS 0x0000000083000000, 0x0000000083000000|
|  23|0x0000000083100000, 0x0000000083100000, 0x0000000083200000|  0%| F|  |TS  0|AC  0|TAMS 0x0000000083100000, 0x0000000083100000|
|  24|0x0000000083200000, 0x0000000083200000, 0x0000000083300000|  0%| F|  |TS  0|AC  0|TAMS 0x0000000083200000, 0x0000000083200000|
|  25|0x0000000083300000, 0x0000000083300000, 0x0000000083400000|  0%| F|  |TS  0|AC  0|TAMS 0x0000000083300000, 0x0000000083300000|
|  26|0x0000000083400000, 0x0000000083400000, 0x0000000083500000|  0%| F|  |TS  0|AC  0|TAMS 0x0000000083400000, 0x0000000083400000|
|  27|0x0000000083500000, 0x0000000083500000, 0x0000000083600000|  0%| F|  |TS  0|AC  0|TAMS 0x0000000083500000, 0x0000000083500000|
|  28|0x0000000083600000, 0x0000000083600000, 0x0000000083700000|  0%| F|  |TS  0|AC  0|TAMS 0x0000000083600000, 0x0000000083600000|
|  29|0x0000000083700000, 0x0000000083700000, 0x0000000083800000|  0%| F|  |TS  0|AC  0|TAMS 0x0000000083700000, 0x0000000083700000|
|  30|0x0000000083800000, 0x0000000083800000, 0x0000000083900000|  0%| F|  |TS  0|AC  0|TAMS 0x0000000083800000, 0x0000000083800000|
|  31|0x0000000083900000, 0x0000000083900000, 0x0000000083a00000|  0%| F|  |TS  0|AC  0|TAMS 0x0000000083900000, 0x0000000083900000|
|  32|0x0000000083a00000, 0x0000000083a00000, 0x0000000083b00000|  0%| F|  |TS  0|AC  0|TAMS 0x0000000083a00000, 0x0000000083a00000|
|  33|0x0000000083b00000, 0x0000000083b00000, 0x0000000083c00000|  0%| F|  |TS  0|AC  0|TAMS 0x0000000083b00000, 0x0000000083b00000|
|  34|0x0000000083c00000, 0x0000000083c00000, 0x0000000083d00000|  0%| F|  |TS  0|AC  0|TAMS 0x0000000083c00000, 0x0000000083c00000|
|  35|0x0000000083d00000, 0x0000000083d00000, 0x0000000083e00000|  0%| F|  |TS  0|AC  0|TAMS 0x0000000083d00000, 0x0000000083d00000|
|  36|0x0000000083e00000, 0x0000000083e00000, 0x0000000083f00000|  0%| F|  |TS  0|AC  0|TAMS 0x0000000083e00000, 0x0000000083e00000|
|  37|0x0000000083f00000, 0x0000000083f00000, 0x0000000084000000|  0%| F|  |TS  0|AC  0|TAMS 0x0000000083f00000, 0x0000000083f00000|
|  38|0x0000000084000000, 0x0000000084000000, 0x0000000084100000|  0%| F|  |TS  0|AC  0|TAMS 0x0000000084000000, 0x0000000084000000|
|  39|0x0000000084100000, 0x0000000084100000, 0x0000000084200000|  0%| F|  |TS  0|AC  0|TAMS 0x0000000084100000, 0x0000000084100000|
|  40|0x0000000084200000, 0x0000000084200000, 0x0000000084300000|  0%| F|  |TS  0|AC  0|TAMS 0x0000000084200000, 0x0000000084200000|
|  41|0x0000000084300000, 0x0000000084300000, 0x0000000084400000|  0%| F|  |TS  0|AC  0|TAMS 0x0000000084300000, 0x0000000084300000|
|  42|0x0000000084400000, 0x0000000084400000, 0x0000000084500000|  0%| F|  |TS  0|AC  0|TAMS 0x0000000084400000, 0x0000000084400000|
|  43|0x0000000084500000, 0x0000000084500000, 0x0000000084600000|  0%| F|  |TS  0|AC  0|TAMS 0x0000000084500000, 0x0000000084500000|
|  44|0x0000000084600000, 0x0000000084600000, 0x0000000084700000|  0%| F|  |TS  0|AC  0|TAMS 0x0000000084600000, 0x0000000084600000|
|  45|0x0000000084700000, 0x0000000084700000, 0x0000000084800000|  0%| F|  |TS  0|AC  0|TAMS 0x0000000084700000, 0x0000000084700000|
|  46|0x0000000084800000, 0x0000000084800000, 0x0000000084900000|  0%| F|  |TS  0|AC  0|TAMS 0x0000000084800000, 0x0000000084800000|
|  47|0x0000000084900000, 0x0000000084900000, 0x0000000084a00000|  0%| F|  |TS  0|AC  0|TAMS 0x0000000084900000, 0x0000000084900000|
|  48|0x0000000084a00000, 0x0000000084a00000, 0x0000000084b00000|  0%| F|  |TS  0|AC  0|TAMS 0x0000000084a00000, 0x0000000084a00000|
|  49|0x0000000084b00000, 0x0000000084b00000, 0x0000000084c00000|  0%| F|  |TS  0|AC  0|TAMS 0x0000000084b00000, 0x0000000084b00000|
|  50|0x0000000084c00000, 0x0000000084c00000, 0x0000000084d00000|  0%| F|  |TS  0|AC  0|TAMS 0x0000000084c00000, 0x0000000084c00000|
|  51|0x0000000084d00000, 0x0000000084d00000, 0x0000000084e00000|  0%| F|  |TS  0|AC  0|TAMS 0x0000000084d00000, 0x0000000084d00000|
|  52|0x0000000084e00000, 0x0000000084e00000, 0x0000000084f00000|  0%| F|  |TS  0|AC  0|TAMS 0x0000000084e00000, 0x0000000084e00000|
|  53|0x0000000084f00000, 0x0000000084f00000, 0x0000000085000000|  0%| F|  |TS  0|AC  0|TAMS 0x0000000084f00000, 0x0000000084f00000|
|  54|0x0000000085000000, 0x0000000085000000, 0x0000000085100000|  0%| F|  |TS  0|AC  0|TAMS 0x0000000085000000, 0x0000000085000000|
|  55|0x0000000085100000, 0x0000000085100000, 0x0000000085200000|  0%| F|  |TS  0|AC  0|TAMS 0x0000000085100000, 0x0000000085100000|
|  56|0x0000000085200000, 0x0000000085200000, 0x0000000085300000|  0%| F|  |TS  0|AC  0|TAMS 0x0000000085200000, 0x0000000085200000|
|  57|0x0000000085300000, 0x0000000085300000, 0x0000000085400000|  0%| F|  |TS  0|AC  0|TAMS 0x0000000085300000, 0x0000000085300000|
|  58|0x0000000085400000, 0x0000000085400000, 0x0000000085500000|  0%| F|  |TS  0|AC  0|TAMS 0x0000000085400000, 0x0000000085400000|
|  59|0x0000000085500000, 0x0000000085500000, 0x0000000085600000|  0%| F|  |TS  0|AC  0|TAMS 0x0000000085500000, 0x0000000085500000|
|  60|0x0000000085600000, 0x0000000085600000, 0x0000000085700000|  0%| F|  |TS  0|AC  0|TAMS 0x0000000085600000, 0x0000000085600000|
|  61|0x0000000085700000, 0x0000000085700000, 0x0000000085800000|  0%| F|  |TS  0|AC  0|TAMS 0x0000000085700000, 0x0000000085700000|
|  62|0x0000000085800000, 0x0000000085800000, 0x0000000085900000|  0%| F|  |TS  0|AC  0|TAMS 0x0000000085800000, 0x0000000085800000|
|  63|0x0000000085900000, 0x0000000085900000, 0x0000000085a00000|  0%| F|  |TS  0|AC  0|TAMS 0x0000000085900000, 0x0000000085900000|
|  64|0x0000000085a00000, 0x0000000085a00000, 0x0000000085b00000|  0%| F|  |TS  0|AC  0|TAMS 0x0000000085a00000, 0x0000000085a00000|
|  65|0x0000000085b00000, 0x0000000085b00000, 0x0000000085c00000|  0%| F|  |TS  0|AC  0|TAMS 0x0000000085b00000, 0x0000000085b00000|
|  66|0x0000000085c00000, 0x0000000085c00000, 0x0000000085d00000|  0%| F|  |TS  0|AC  0|TAMS 0x0000000085c00000, 0x0000000085c00000|
|  67|0x0000000085d00000, 0x0000000085d00000, 0x0000000085e00000|  0%| F|  |TS  0|AC  0|TAMS 0x0000000085d00000, 0x0000000085d00000|
|  68|0x0000000085e00000, 0x0000000085e00000, 0x0000000085f00000|  0%| F|  |TS  0|AC  0|TAMS 0x0000000085e00000, 0x0000000085e00000|
|  69|0x0000000085f00000, 0x0000000085f00000, 0x0000000086000000|  0%| F|  |TS  0|AC  0|TAMS 0x0000000085f00000, 0x0000000085f00000|
|  70|0x0000000086000000, 0x0000000086100000, 0x0000000086100000|100%| E|  |TS  0|AC  0|TAMS 0x0000000086000000, 0x0000000086000000|
|  71|0x0000000086100000, 0x0000000086200000, 0x0000000086200000|100%| E|CS|TS  0|AC  0|TAMS 0x0000000086100000, 0x0000000086100000|
|  72|0x0000000086200000, 0x0000000086300000, 0x0000000086300000|100%| E|CS|TS  0|AC  0|TAMS 0x0000000086200000, 0x0000000086200000|
|  73|0x0000000086300000, 0x0000000086400000, 0x0000000086400000|100%| E|CS|TS  0|AC  0|TAMS 0x0000000086300000, 0x0000000086300000|
|  74|0x0000000086400000, 0x0000000086500000, 0x0000000086500000|100%| E|CS|TS  0|AC  0|TAMS 0x0000000086400000, 0x0000000086400000|
|  75|0x0000000086500000, 0x0000000086600000, 0x0000000086600000|100%| E|CS|TS  0|AC  0|TAMS 0x0000000086500000, 0x0000000086500000|
|  76|0x0000000086600000, 0x0000000086700000, 0x0000000086700000|100%| E|CS|TS  0|AC  0|TAMS 0x0000000086600000, 0x0000000086600000|
|  77|0x0000000086700000, 0x0000000086800000, 0x0000000086800000|100%| E|CS|TS  0|AC  0|TAMS 0x0000000086700000, 0x0000000086700000|
|  78|0x0000000086800000, 0x0000000086900000, 0x0000000086900000|100%| E|CS|TS  0|AC  0|TAMS 0x0000000086800000, 0x0000000086800000|
|  79|0x0000000086900000, 0x0000000086a00000, 0x0000000086a00000|100%| E|CS|TS  0|AC  0|TAMS 0x0000000086900000, 0x0000000086900000|
|  80|0x0000000086a00000, 0x0000000086b00000, 0x0000000086b00000|100%| E|CS|TS  0|AC  0|TAMS 0x0000000086a00000, 0x0000000086a00000|
|  81|0x0000000086b00000, 0x0000000086c00000, 0x0000000086c00000|100%| E|CS|TS  0|AC  0|TAMS 0x0000000086b00000, 0x0000000086b00000|
|  82|0x0000000086c00000, 0x0000000086d00000, 0x0000000086d00000|100%| E|CS|TS  0|AC  0|TAMS 0x0000000086c00000, 0x0000000086c00000|
|  83|0x0000000086d00000, 0x0000000086e00000, 0x0000000086e00000|100%| E|CS|TS  0|AC  0|TAMS 0x0000000086d00000, 0x0000000086d00000|
|  84|0x0000000086e00000, 0x0000000086f00000, 0x0000000086f00000|100%| E|CS|TS  0|AC  0|TAMS 0x0000000086e00000, 0x0000000086e00000|
|  85|0x0000000086f00000, 0x0000000087000000, 0x0000000087000000|100%| E|CS|TS  0|AC  0|TAMS 0x0000000086f00000, 0x0000000086f00000|
|  86|0x0000000087000000, 0x0000000087100000, 0x0000000087100000|100%| E|CS|TS  0|AC  0|TAMS 0x0000000087000000, 0x0000000087000000|
|  87|0x0000000087100000, 0x0000000087200000, 0x0000000087200000|100%| E|CS|TS  0|AC  0|TAMS 0x0000000087100000, 0x0000000087100000|
|  88|0x0000000087200000, 0x0000000087300000, 0x0000000087300000|100%| E|CS|TS  0|AC  0|TAMS 0x0000000087200000, 0x0000000087200000|
|  89|0x0000000087300000, 0x0000000087400000, 0x0000000087400000|100%| E|CS|TS  0|AC  0|TAMS 0x0000000087300000, 0x0000000087300000|
|  90|0x0000000087400000, 0x0000000087500000, 0x0000000087500000|100%| E|CS|TS  0|AC  0|TAMS 0x0000000087400000, 0x0000000087400000|
|  91|0x0000000087500000, 0x0000000087600000, 0x0000000087600000|100%| E|CS|TS  0|AC  0|TAMS 0x0000000087500000, 0x0000000087500000|
|  92|0x0000000087600000, 0x0000000087700000, 0x0000000087700000|100%| E|CS|TS  0|AC  0|TAMS 0x0000000087600000, 0x0000000087600000|
|  93|0x0000000087700000, 0x0000000087800000, 0x0000000087800000|100%| E|CS|TS  0|AC  0|TAMS 0x0000000087700000, 0x0000000087700000|
|  94|0x0000000087800000, 0x0000000087900000, 0x0000000087900000|100%| E|CS|TS  0|AC  0|TAMS 0x0000000087800000, 0x0000000087800000|
|  95|0x0000000087900000, 0x0000000087a00000, 0x0000000087a00000|100%| E|CS|TS  0|AC  0|TAMS 0x0000000087900000, 0x0000000087900000|
|  96|0x0000000087a00000, 0x0000000087b00000, 0x0000000087b00000|100%| E|CS|TS  0|AC  0|TAMS 0x0000000087a00000, 0x0000000087a00000|
|  97|0x0000000087b00000, 0x0000000087c00000, 0x0000000087c00000|100%| E|CS|TS  0|AC  0|TAMS 0x0000000087b00000, 0x0000000087b00000|
|  98|0x0000000087c00000, 0x0000000087d00000, 0x0000000087d00000|100%| E|CS|TS  0|AC  0|TAMS 0x0000000087c00000, 0x0000000087c00000|
|  99|0x0000000087d00000, 0x0000000087e00000, 0x0000000087e00000|100%| E|CS|TS  0|AC  0|TAMS 0x0000000087d00000, 0x0000000087d00000|
| 100|0x0000000087e00000, 0x0000000087f00000, 0x0000000087f00000|100%| E|CS|TS  0|AC  0|TAMS 0x0000000087e00000, 0x0000000087e00000|
| 101|0x0000000087f00000, 0x0000000088000000, 0x0000000088000000|100%| E|CS|TS  0|AC  0|TAMS 0x0000000087f00000, 0x0000000087f00000|
| 102|0x0000000088000000, 0x0000000088012760, 0x0000000088100000|  7%| S|CS|TS  5|AC  0|TAMS 0x0000000088000000, 0x0000000088000000|
| 103|0x0000000088100000, 0x0000000088200000, 0x0000000088200000|100%| E|CS|TS  5|AC  0|TAMS 0x0000000088100000, 0x0000000088100000|
| 104|0x0000000088200000, 0x0000000088300000, 0x0000000088300000|100%| E|CS|TS  5|AC  0|TAMS 0x0000000088200000, 0x0000000088200000|
| 105|0x0000000088300000, 0x0000000088400000, 0x0000000088400000|100%| E|CS|TS  5|AC  0|TAMS 0x0000000088300000, 0x0000000088300000|
| 106|0x0000000088400000, 0x0000000088500000, 0x0000000088500000|100%| E|CS|TS  5|AC  0|TAMS 0x0000000088400000, 0x0000000088400000|
| 107|0x0000000088500000, 0x0000000088600000, 0x0000000088600000|100%| E|CS|TS  5|AC  0|TAMS 0x0000000088500000, 0x0000000088500000|
| 108|0x0000000088600000, 0x0000000088700000, 0x0000000088700000|100%| E|CS|TS  5|AC  0|TAMS 0x0000000088600000, 0x0000000088600000|
| 109|0x0000000088700000, 0x0000000088800000, 0x0000000088800000|100%| E|CS|TS  5|AC  0|TAMS 0x0000000088700000, 0x0000000088700000|
| 110|0x0000000088800000, 0x0000000088900000, 0x0000000088900000|100%| E|CS|TS  5|AC  0|TAMS 0x0000000088800000, 0x0000000088800000|
| 111|0x0000000088900000, 0x0000000088a00000, 0x0000000088a00000|100%| E|CS|TS  5|AC  0|TAMS 0x0000000088900000, 0x0000000088900000|
| 112|0x0000000088a00000, 0x0000000088b00000, 0x0000000088b00000|100%| E|CS|TS  5|AC  0|TAMS 0x0000000088a00000, 0x0000000088a00000|
| 113|0x0000000088b00000, 0x0000000088c00000, 0x0000000088c00000|100%| E|CS|TS  5|AC  0|TAMS 0x0000000088b00000, 0x0000000088b00000|
| 114|0x0000000088c00000, 0x0000000088d00000, 0x0000000088d00000|100%| E|CS|TS  5|AC  0|TAMS 0x0000000088c00000, 0x0000000088c00000|
| 115|0x0000000088d00000, 0x0000000088e00000, 0x0000000088e00000|100%| E|CS|TS  5|AC  0|TAMS 0x0000000088d00000, 0x0000000088d00000|
| 116|0x0000000088e00000, 0x0000000088f00000, 0x0000000088f00000|100%| E|CS|TS  5|AC  0|TAMS 0x0000000088e00000, 0x0000000088e00000|
| 117|0x0000000088f00000, 0x0000000089000000, 0x0000000089000000|100%| E|CS|TS  5|AC  0|TAMS 0x0000000088f00000, 0x0000000088f00000|
| 118|0x0000000089000000, 0x0000000089100000, 0x0000000089100000|100%| E|CS|TS  5|AC  0|TAMS 0x0000000089000000, 0x0000000089000000|
| 119|0x0000000089100000, 0x0000000089200000, 0x0000000089200000|100%| E|CS|TS  5|AC  0|TAMS 0x0000000089100000, 0x0000000089100000|
| 120|0x0000000089200000, 0x0000000089300000, 0x0000000089300000|100%| E|CS|TS  5|AC  0|TAMS 0x0000000089200000, 0x0000000089200000|
| 121|0x0000000089300000, 0x0000000089400000, 0x0000000089400000|100%| E|CS|TS  5|AC  0|TAMS 0x0000000089300000, 0x0000000089300000|
| 122|0x0000000089400000, 0x0000000089500000, 0x0000000089500000|100%| E|CS|TS  5|AC  0|TAMS 0x0000000089400000, 0x0000000089400000|
| 123|0x0000000089500000, 0x0000000089600000, 0x0000000089600000|100%| E|CS|TS  5|AC  0|TAMS 0x0000000089500000, 0x0000000089500000|
| 124|0x0000000089600000, 0x0000000089700000, 0x0000000089700000|100%| E|CS|TS  5|AC  0|TAMS 0x0000000089600000, 0x0000000089600000|
| 125|0x0000000089700000, 0x0000000089800000, 0x0000000089800000|100%| E|CS|TS  5|AC  0|TAMS 0x0000000089700000, 0x0000000089700000|
| 126|0x0000000089800000, 0x0000000089900000, 0x0000000089900000|100%| E|CS|TS  5|AC  0|TAMS 0x0000000089800000, 0x0000000089800000|
| 127|0x0000000089900000, 0x0000000089a00000, 0x0000000089a00000|100%| E|CS|TS  5|AC  0|TAMS 0x0000000089900000, 0x0000000089900000|

Card table byte_map: [0x00000228be850000,0x00000228bec50000] byte_map_base: 0x00000228be443000

Marking Bits (Prev, Next): (CMBitMap*) 0x00000228a2ab1750, (CMBitMap*) 0x00000228a2ab1788
 Prev Bits: [0x00000228bf050000, 0x00000228c0fe8000)
 Next Bits: [0x00000228c0ff0000, 0x00000228c2f88000)

Polling page: 0x00000228a0880000

CodeHeap 'non-profiled nmethods': size=120064Kb used=927Kb max_used=927Kb free=119137Kb
 bounds [0x00000228b64e0000, 0x00000228b6750000, 0x00000228bda20000]
CodeHeap 'profiled nmethods': size=120000Kb used=3442Kb max_used=3442Kb free=116557Kb
 bounds [0x00000228aefb0000, 0x00000228af310000, 0x00000228b64e0000]
CodeHeap 'non-nmethods': size=5696Kb used=1346Kb max_used=1392Kb free=4349Kb
 bounds [0x00000228aea20000, 0x00000228aec90000, 0x00000228aefb0000]
 total_blobs=2829 nmethods=1773 adapters=476
 compilation: enabled

Compilation events (10 events):
Event: 2.046 Thread 0x00000228c5ea6000 1753   !   4       java.awt.event.InvocationEvent::dispatch (69 bytes)
Event: 2.099 Thread 0x00000228c5ead000 nmethod 1729 0x00000228b65b0c90 code [0x00000228b65b1720, 0x00000228b65ba1c8]
Event: 2.100 Thread 0x00000228c5ead000 1768   !   4       java.awt.event.InvocationEvent::finishedDispatching (53 bytes)
Event: 2.100 Thread 0x00000228c5ead000 nmethod 1768 0x00000228b65c0f90 code [0x00000228b65c1120, 0x00000228b65c11b8]
Event: 2.100 Thread 0x00000228c5ead000 1767       4       java.util.IdentityHashMap$IdentityHashMapIterator::nextIndex (72 bytes)
Event: 2.101 Thread 0x00000228c5ead000 nmethod 1767 0x00000228b65c1290 code [0x00000228b65c1420, 0x00000228b65c14d8]
Event: 2.101 Thread 0x00000228c5ead000 1766       4       javax.swing.RepaintManager::scheduleProcessingRunnable (69 bytes)
Event: 2.135 Thread 0x00000228c5eb3800 1773       3       java.util.zip.ZipUtils::LG (22 bytes)
Event: 2.136 Thread 0x00000228c5eb3800 nmethod 1773 0x00000228af30b210 code [0x00000228af30b3e0, 0x00000228af30b698]
Event: 2.137 Thread 0x00000228c5eb3800 1774       3       java.lang.ClassLoader::checkName (37 bytes)

GC Heap History (6 events):
Event: 0.742 GC heap before
{Heap before GC invocations=0 (full 0):
 garbage-first heap   total 131072K, used 14336K [0x0000000081a00000, 0x0000000081b00400, 0x0000000100000000)
  region size 1024K, 14 young (14336K), 0 survivors (0K)
 Metaspace       used 15183K, capacity 16072K, committed 16256K, reserved 1062912K
  class space    used 1690K, capacity 1893K, committed 1920K, reserved 1048576K
}
Event: 0.748 GC heap after
{Heap after GC invocations=1 (full 0):
 garbage-first heap   total 131072K, used 3244K [0x0000000081a00000, 0x0000000081b00400, 0x0000000100000000)
  region size 1024K, 2 young (2048K), 2 survivors (2048K)
 Metaspace       used 15183K, capacity 16072K, committed 16256K, reserved 1062912K
  class space    used 1690K, capacity 1893K, committed 1920K, reserved 1048576K
}
Event: 0.962 GC heap before
{Heap before GC invocations=1 (full 0):
 garbage-first heap   total 131072K, used 18604K [0x0000000081a00000, 0x0000000081b00400, 0x0000000100000000)
  region size 1024K, 17 young (17408K), 2 survivors (2048K)
 Metaspace       used 15432K, capacity 16328K, committed 16512K, reserved 1064960K
  class space    used 1690K, capacity 1893K, committed 1920K, reserved 1048576K
}
Event: 0.966 GC heap after
{Heap after GC invocations=2 (full 0):
 garbage-first heap   total 131072K, used 3553K [0x0000000081a00000, 0x0000000081b00400, 0x0000000100000000)
  region size 1024K, 1 young (1024K), 1 survivors (1024K)
 Metaspace       used 15432K, capacity 16328K, committed 16512K, reserved 1064960K
  class space    used 1690K, capacity 1893K, committed 1920K, reserved 1048576K
}
Event: 1.325 GC heap before
{Heap before GC invocations=2 (full 0):
 garbage-first heap   total 131072K, used 28129K [0x0000000081a00000, 0x0000000081b00400, 0x0000000100000000)
  region size 1024K, 25 young (25600K), 1 survivors (1024K)
 Metaspace       used 15559K, capacity 16456K, committed 16512K, reserved 1064960K
  class space    used 1690K, capacity 1893K, committed 1920K, reserved 1048576K
}
Event: 1.326 GC heap after
{Heap after GC invocations=3 (full 0):
 garbage-first heap   total 131072K, used 3408K [0x0000000081a00000, 0x0000000081b00400, 0x0000000100000000)
  region size 1024K, 1 young (1024K), 1 survivors (1024K)
 Metaspace       used 15559K, capacity 16456K, committed 16512K, reserved 1064960K
  class space    used 1690K, capacity 1893K, committed 1920K, reserved 1048576K
}

Deoptimization events (3 events):
Event: 0.169 Thread 0x00000228a2a11000 Uncommon trap: reason=unstable_if action=reinterpret pc=0x00000228b64e5b98 method=java.lang.String.charAt(I)C @ 4 c2
Event: 0.363 Thread 0x00000228a2a11000 Uncommon trap: reason=unstable_if action=reinterpret pc=0x00000228b64f477c method=java.util.HashMap.putVal(ILjava/lang/Object;Ljava/lang/Object;ZZ)Ljava/lang/Object; @ 81 c2
Event: 0.597 Thread 0x00000228c6ac4800 Uncommon trap: reason=unstable_if action=reinterpret pc=0x00000228b6523644 method=java.lang.AbstractStringBuilder.append(Ljava/lang/String;)Ljava/lang/AbstractStringBuilder; @ 1 c2

Classes redefined (0 events):
No events

Internal exceptions (10 events):
Event: 0.503 Thread 0x00000228a2a11000 Exception <a 'java/lang/NoSuchMethodError'{0x000000008903cf28}: java.lang.invoke.DirectMethodHandle$Holder.invokeStatic(Ljava/lang/Object;Ljava/lang/Object;Ljava/lang/Object;Ljava/lang/Object;Ljava/lang/Object;Ljava/lang/Object;Ljava/lang/Object;Ljava/lan
Event: 0.505 Thread 0x00000228a2a11000 Exception <a 'java/lang/NoSuchMethodError'{0x000000008905b7e0}: java.lang.invoke.DirectMethodHandle$Holder.invokeStatic(Ljava/lang/Object;Ljava/lang/Object;Ljava/lang/Object;Ljava/lang/Object;Ljava/lang/Object;Ljava/lang/Object;Ljava/lang/Object;Ljava/lan
Event: 0.507 Thread 0x00000228a2a11000 Exception <a 'java/lang/NoSuchMethodError'{0x000000008907aa08}: java.lang.invoke.DirectMethodHandle$Holder.invokeStatic(Ljava/lang/Object;Ljava/lang/Object;Ljava/lang/Object;Ljava/lang/Object;Ljava/lang/Object;Ljava/lang/Object;Ljava/lang/Object;Ljava/lan
Event: 0.509 Thread 0x00000228a2a11000 Exception <a 'java/lang/NoSuchMethodError'{0x000000008909b648}: java.lang.invoke.DirectMethodHandle$Holder.invokeStatic(Ljava/lang/Object;Ljava/lang/Object;Ljava/lang/Object;Ljava/lang/Object;Ljava/lang/Object;Ljava/lang/Object;Ljava/lang/Object;Ljava/lan
Event: 0.533 Thread 0x00000228c6922800 Exception <a 'java/lang/ClassNotFoundException'{0x0000000088f56220}: com/sun/swing/internal/plaf/synth/resources/spi/synthProvider> (0x0000000088f56220) thrown at [c:/workspace/9-2-build-windows-amd64-cygwin-phase2/jdk9/6725/hotspot/src/share/vm/classfile
Event: 0.597 Thread 0x00000228c6ac4800 Implicit null exception at 0x00000228b6523174 to 0x00000228b652362d
Event: 0.598 Thread 0x00000228c6ac4800 Exception <a 'java/io/FileNotFoundException'{0x0000000088e72af8}> (0x0000000088e72af8) thrown at [c:/workspace/9-2-build-windows-amd64-cygwin-phase2/jdk9/6725/hotspot/src/share/vm/prims/jni.cpp, line 604]
Event: 0.602 Thread 0x00000228c6ac4800 Exception <a 'java/io/FileNotFoundException'{0x0000000088e845d0}> (0x0000000088e845d0) thrown at [c:/workspace/9-2-build-windows-amd64-cygwin-phase2/jdk9/6725/hotspot/src/share/vm/prims/jni.cpp, line 604]
Event: 0.603 Thread 0x00000228c6ac4800 Exception <a 'java/io/FileNotFoundException'{0x0000000088e92b50}> (0x0000000088e92b50) thrown at [c:/workspace/9-2-build-windows-amd64-cygwin-phase2/jdk9/6725/hotspot/src/share/vm/prims/jni.cpp, line 604]
Event: 0.606 Thread 0x00000228c6ac4800 Exception <a 'java/io/FileNotFoundException'{0x0000000088ea41d8}> (0x0000000088ea41d8) thrown at [c:/workspace/9-2-build-windows-amd64-cygwin-phase2/jdk9/6725/hotspot/src/share/vm/prims/jni.cpp, line 604]

Events (10 events):
Event: 0.958 Thread 0x00000228c6922800 DEOPT PACKING pc=0x00000228af1bf7a1 sp=0x000000426effd260
Event: 0.959 Thread 0x00000228c6922800 DEOPT UNPACKING pc=0x00000228aea6dd3f sp=0x000000426effc6f0 mode 0
Event: 0.962 Executing VM operation: G1IncCollectionPause
Event: 0.967 Executing VM operation: G1IncCollectionPause done
Event: 1.169 loading class java/security/DomainCombiner
Event: 1.169 loading class java/security/DomainCombiner done
Event: 1.324 Executing VM operation: G1IncCollectionPause
Event: 1.326 Executing VM operation: G1IncCollectionPause done
Event: 2.135 loading class gnu/io/SerialPortEvent
Event: 2.135 loading class gnu/io/SerialPortEvent done


Dynamic libraries:
0x00007ff7956d0000 - 0x00007ff79570e000 	C:\Program Files\Java\jdk-9\bin\java.exe
0x00007ff8a9eb0000 - 0x00007ff8aa090000 	C:\WINDOWS\SYSTEM32\ntdll.dll
0x00007ff8a9b60000 - 0x00007ff8a9c0e000 	C:\WINDOWS\System32\KERNEL32.DLL
0x00007ff8a6dc0000 - 0x00007ff8a7026000 	C:\WINDOWS\System32\KERNELBASE.dll
0x00007ff8a9060000 - 0x00007ff8a9101000 	C:\WINDOWS\System32\ADVAPI32.dll
0x00007ff8a93b0000 - 0x00007ff8a944d000 	C:\WINDOWS\System32\msvcrt.dll
0x00007ff8a9c80000 - 0x00007ff8a9cdb000 	C:\WINDOWS\System32\sechost.dll
0x00007ff8a7800000 - 0x00007ff8a791f000 	C:\WINDOWS\System32\RPCRT4.dll
0x00007ff8a99b0000 - 0x00007ff8a9b3f000 	C:\WINDOWS\System32\USER32.dll
0x00007ff8a65d0000 - 0x00007ff8a65f0000 	C:\WINDOWS\System32\win32u.dll
0x00007ff8a9380000 - 0x00007ff8a93a8000 	C:\WINDOWS\System32\GDI32.dll
0x00007ff8a70e0000 - 0x00007ff8a7273000 	C:\WINDOWS\System32\gdi32full.dll
0x00007ff8a6360000 - 0x00007ff8a63fb000 	C:\WINDOWS\System32\msvcp_win.dll
0x00007ff8a7280000 - 0x00007ff8a7376000 	C:\WINDOWS\System32\ucrtbase.dll
0x00007ff899400000 - 0x00007ff899669000 	C:\WINDOWS\WinSxS\amd64_microsoft.windows.common-controls_6595b64144ccf1df_6.0.16299.248_none_15ced204935f55d7\COMCTL32.dll
0x00007ff89cec0000 - 0x00007ff89ceca000 	C:\WINDOWS\SYSTEM32\VERSION.dll
0x00007ff8a74f0000 - 0x00007ff8a77f8000 	C:\WINDOWS\System32\combase.dll
0x00007ff8a6d40000 - 0x00007ff8a6db2000 	C:\WINDOWS\System32\bcryptPrimitives.dll
0x00007ff8a9030000 - 0x00007ff8a905d000 	C:\WINDOWS\System32\IMM32.DLL
0x00007ff87b2e0000 - 0x00007ff87b3cf000 	C:\Program Files\Java\jdk-9\bin\msvcr120.dll
0x00007ff87a3f0000 - 0x00007ff87a496000 	C:\Program Files\Java\jdk-9\bin\msvcp120.dll
0x0000000061930000 - 0x000000006235a000 	C:\Program Files\Java\jdk-9\bin\server\jvm.dll
0x00007ff8a9e60000 - 0x00007ff8a9e68000 	C:\WINDOWS\System32\PSAPI.DLL
0x00007ff8a3c80000 - 0x00007ff8a3ca3000 	C:\WINDOWS\SYSTEM32\WINMM.dll
0x00007ff8980b0000 - 0x00007ff8980b9000 	C:\WINDOWS\SYSTEM32\WSOCK32.dll
0x00007ff8a9c10000 - 0x00007ff8a9c7c000 	C:\WINDOWS\System32\WS2_32.dll
0x00007ff8a3300000 - 0x00007ff8a332a000 	C:\WINDOWS\SYSTEM32\winmmbase.dll
0x00007ff8a7090000 - 0x00007ff8a70da000 	C:\WINDOWS\System32\cfgmgr32.dll
0x00007ff89ebd0000 - 0x00007ff89ebdf000 	C:\Program Files\Java\jdk-9\bin\verify.dll
0x00007ff894b70000 - 0x00007ff894b97000 	C:\Program Files\Java\jdk-9\bin\java.dll
0x00007ff89d240000 - 0x00007ff89d256000 	C:\Program Files\Java\jdk-9\bin\zip.dll
0x00007ff89d060000 - 0x00007ff89d06a000 	C:\Program Files\Java\jdk-9\bin\jimage.dll
0x00007ff8a7ac0000 - 0x00007ff8a8ef6000 	C:\WINDOWS\System32\SHELL32.dll
0x00007ff8a9450000 - 0x00007ff8a94f6000 	C:\WINDOWS\System32\shcore.dll
0x00007ff8a65f0000 - 0x00007ff8a6d37000 	C:\WINDOWS\System32\windows.storage.dll
0x00007ff8a9950000 - 0x00007ff8a99a1000 	C:\WINDOWS\System32\shlwapi.dll
0x00007ff8a6200000 - 0x00007ff8a6211000 	C:\WINDOWS\System32\kernel.appcore.dll
0x00007ff8a6260000 - 0x00007ff8a62ac000 	C:\WINDOWS\System32\powrprof.dll
0x00007ff8a6240000 - 0x00007ff8a625b000 	C:\WINDOWS\System32\profapi.dll
0x00007ff897900000 - 0x00007ff89791a000 	C:\Program Files\Java\jdk-9\bin\net.dll
0x00007ff8a24e0000 - 0x00007ff8a25be000 	C:\WINDOWS\SYSTEM32\WINHTTP.dll
0x00007ff8a5a90000 - 0x00007ff8a5af6000 	C:\WINDOWS\system32\mswsock.dll
0x00007ff890e80000 - 0x00007ff890e91000 	C:\Program Files\Java\jdk-9\bin\nio.dll
0x00007ff8740a0000 - 0x00007ff87423a000 	C:\Program Files\Java\jdk-9\bin\awt.dll
0x00007ff8a8f60000 - 0x00007ff8a9025000 	C:\WINDOWS\System32\OLEAUT32.dll
0x00007ff8a3cb0000 - 0x00007ff8a4268000 	C:\WINDOWS\SYSTEM32\d2d1.dll
0x00007ff8a6400000 - 0x00007ff8a65ce000 	C:\WINDOWS\System32\CRYPT32.dll
0x00007ff8a6220000 - 0x00007ff8a6232000 	C:\WINDOWS\System32\MSASN1.dll
0x00007ff8a4770000 - 0x00007ff8a47f8000 	C:\WINDOWS\SYSTEM32\apphelp.dll
0x00007ff8a49c0000 - 0x00007ff8a4a55000 	C:\WINDOWS\system32\uxtheme.dll
0x00007ff8a7380000 - 0x00007ff8a74e7000 	C:\WINDOWS\System32\MSCTF.dll
0x00007ff8a4a90000 - 0x00007ff8a4aba000 	C:\WINDOWS\system32\dwmapi.dll
0x00007ff8a9190000 - 0x00007ff8a92d9000 	C:\WINDOWS\System32\ole32.dll
0x00007ff87a350000 - 0x00007ff87a3ed000 	C:\Program Files\Java\jdk-9\bin\fontmanager.dll
0x00007ff8819a0000 - 0x00007ff881abe000 	C:\WINDOWS\system32\opengl32.dll
0x00007ff881930000 - 0x00007ff88195c000 	C:\WINDOWS\SYSTEM32\GLU32.dll
0x00007ff89fa20000 - 0x00007ff89fab8000 	C:\WINDOWS\System32\TextInputFramework.dll
0x00007ff89f730000 - 0x00007ff89fa1e000 	C:\WINDOWS\System32\CoreUIComponents.dll
0x00007ff8a4270000 - 0x00007ff8a434c000 	C:\WINDOWS\System32\CoreMessaging.dll
0x00007ff8a5340000 - 0x00007ff8a5371000 	C:\WINDOWS\SYSTEM32\ntmarta.dll
0x00007ff8a1ec0000 - 0x00007ff8a1ff6000 	C:\WINDOWS\SYSTEM32\wintypes.dll
0x0000000180000000 - 0x0000000180025000 	C:\Program Files\Java\jdk-9\bin\rxtxSerial.dll
0x00007ff87df80000 - 0x00007ff87dfc2000 	C:\Program Files\Java\jdk-9\bin\t2k.dll
0x00007ff893b30000 - 0x00007ff893cf8000 	C:\WINDOWS\SYSTEM32\dbghelp.dll

VM Arguments:
jvm_args: -Dfile.encoding=UTF-8 --module-path=C:\Users\jarde\OneDrive\Documentos\GitHub\Archery_Simulator\Hardware\Comunicação Bluetooth\RXTX Java\Java read arduino sensors\JavaReadArduinoSensors\build\classes 
java_command: view.ViewSensors
java_class_path (initial): C:\Users\jarde\OneDrive\Documentos\GitHub\Archery_Simulator\Hardware\Comunicação Bluetooth\RXTX Java\Java read arduino sensors\JavaReadArduinoSensors\RXTXcomm.jar;C:\Users\jarde\OneDrive\Documentos\GitHub\Archery_Simulator\Hardware\Comunicação Bluetooth\RXTX Java\Java read arduino sensors\JavaReadArduinoSensors\build\classes
Launcher Type: SUN_STANDARD

Logging:
Log output configuration:
#0: stdout all=warning uptime,level,tags
#1: stderr all=off uptime,level,tags

Environment Variables:
JAVA_HOME=C:\Program Files\Java\jdk-9
CLASSPATH=.;JAVA_HOME
PATH=C:\Program Files (x86)\Common Files\Intel\Shared Files\cpp\bin\Intel64;C:\ProgramData\Oracle\Java\javapath;C:\Program Files (x86)\Intel\iCLS Client\;C:\Program Files\Intel\iCLS Client\;C:\windows\system32;C:\windows;C:\windows\System32\Wbem;C:\windows\System32\WindowsPowerShell\v1.0\;C:\Program Files (x86)\NVIDIA Corporation\PhysX\Common;C:\Program Files\Samsung\SamsungLink\AllShare Framework DMS\bin\;C:\Program Files (x86)\Intel\Intel(R) Management Engine Components\DAL;C:\Program Files\Intel\Intel(R) Management Engine Components\DAL;C:\Program Files (x86)\Intel\Intel(R) Management Engine Components\IPT;C:\Program Files\Intel\Intel(R) Management Engine Components\IPT;C:\WINDOWS\system32;C:\WINDOWS;C:\WINDOWS\System32\Wbem;C:\WINDOWS\System32\WindowsPowerShell\v1.0\;C:\Program Files (x86)\IVI Foundation\VISA\WinNT\Bin;C:\Program Files (x86)\PuTTY\;C:\Program Files\Java\jdk-9\bin;C:\Program Files (x86)\Windows Live\Shared;C:\Users\jarde\AppData\Local\Programs\Python\Python36-32\Scripts\;C:\Users\jarde\AppData\Local\Programs\Python\Python36-32\;C:\Users\jarde\AppData\Local\Microsoft\WindowsApps;C:\Program Files (x86)\Microsoft VS Code\bin;C:\Program Files\Java\jdk-9\bin;
USERNAME=jarde
OS=Windows_NT
PROCESSOR_IDENTIFIER=Intel64 Family 6 Model 61 Stepping 4, GenuineIntel



---------------  S Y S T E M  ---------------

OS: Windows 10 , 64 bit Build 16299 (10.0.16299.15)

CPU:total 4 (initial active 4) (2 cores per cpu, 2 threads per core) family 6 model 61 stepping 4, cmov, cx8, fxsr, mmx, sse, sse2, sse3, ssse3, sse4.1, sse4.2, popcnt, avx, avx2, aes, clmul, erms, 3dnowpref, lzcnt, ht, tsc, tscinvbit, bmi1, bmi2, adx, fma

Memory: 4k page, physical 8280996k(2732248k free), swap 14048164k(6503704k free)

vm_info: Java HotSpot(TM) 64-Bit Server VM (9+181) for windows-amd64 JRE (9+181), built on Aug  2 2017 21:30:51 by "javare" with MS VC++ 12.0 (VS2013)

END.
