#
# A fatal error has been detected by the Java Runtime Environment:
#
#  EXCEPTION_ACCESS_VIOLATION (0xc0000005) at pc=0x0000000180005b00, pid=12988, tid=1548
#
# JRE version: Java(TM) SE Runtime Environment (9.0+181) (build 9+181)
# Java VM: Java HotSpot(TM) 64-Bit Server VM (9+181, mixed mode, tiered, compressed oops, g1 gc, windows-amd64)
# Problematic frame:
# C  [rxtxSerial.dll+0x5b00]
#
# No core dump will be written. Minidumps are not enabled by default on client versions of Windows
#
# If you would like to submit a bug report, please visit:
#   http://bugreport.java.com/bugreport/crash.jsp
# The crash happened outside the Java Virtual Machine in native code.
# See problematic frame for where to report the bug.
#

---------------  S U M M A R Y ------------

Command Line: -Dfile.encoding=UTF-8 --module-path=C:\Users\jarde\OneDrive\Documentos\GitHub\Archery_Simulator\Hardware\Comunicação Bluetooth\RXTX Java\Java read arduino sensors\JavaReadArduinoSensors\build\classes view.ViewSensors

Host: Intel(R) Core(TM) i7-5500U CPU @ 2.40GHz, 4 cores, 7G,  Windows 10 , 64 bit Build 16299 (10.0.16299.15)
Time: Mon Feb 19 20:58:18 2018 Hora Padrão de Buenos Aires elapsed time: 0 seconds (0d 0h 0m 0s)

---------------  T H R E A D  ---------------

Current thread (0x000001a7f9795000):  JavaThread "Thread-1" [_thread_in_native, id=1548, stack(0x0000009341800000,0x0000009341900000)]

Stack: [0x0000009341800000,0x0000009341900000],  sp=0x00000093418fdf50,  free space=1015k
Native frames: (J=compiled Java code, j=interpreted, Vv=VM code, C=native code)
C  [rxtxSerial.dll+0x5b00]
C  [rxtxSerial.dll+0x6211]
C  0x000001a7e087921c

Java frames: (J=compiled Java code, j=interpreted, Vv=VM code)
j  gnu.io.RXTXPort.readArray([BII)I+0
j  gnu.io.RXTXPort$SerialInputStream.read([BII)I+212
j  sun.nio.cs.StreamDecoder.readBytes()I+135 java.base@9
j  sun.nio.cs.StreamDecoder.implRead([CII)I+112 java.base@9
j  sun.nio.cs.StreamDecoder.read([CII)I+180 java.base@9
j  java.io.InputStreamReader.read([CII)I+7 java.base@9
j  java.io.BufferedReader.fill()V+145 java.base@9
j  java.io.BufferedReader.readLine(Z)Ljava/lang/String;+44 java.base@9
j  java.io.BufferedReader.readLine()Ljava/lang/String;+2 java.base@9
j  util.ArduinoSerial.serialEvent(Lgnu/io/SerialPortEvent;)V+13
j  gnu.io.RXTXPort.sendEvent(IZ)Z+382
v  ~StubRoutines::call_stub
j  gnu.io.RXTXPort.eventLoop()V+0
j  gnu.io.RXTXPort$MonitorThread.run()V+12
v  ~StubRoutines::call_stub

siginfo: EXCEPTION_ACCESS_VIOLATION (0xc0000005), reading address 0x00000000418fed58


Register to memory mapping:

RIP=0x0000000180005b00 rxtxSerial.dll
RAX=0x0000000000000001 is an unknown value
RBX=0x0000000000000000 is an unknown value
RCX=0x000000018001d4d5 rxtxSerial.dll
RDX=0xfffffffffffff665 is an unknown value
RSP=0x00000093418fdf50 is pointing into the stack for thread: 0x000001a7f9795000
RBP=
[error occurred during error reporting (printing register info), id 0xc0000005]

Registers:
RAX=0x0000000000000001, RBX=0x0000000000000000, RCX=0x000000018001d4d5, RDX=0xfffffffffffff665
RSP=0x00000093418fdf50, RBP=0x00000000ffffffff, RSI=0x0000000000000000, RDI=0x000001a7f9795218
R8 =0x0000000000000002, R9 =0xfffffffffffff63c, R10=0x0000000000000006, R11=0x8101010101010100
R12=0x00000000418fed50, R13=0x000000000000004c, R14=0x00000093418fe138, R15=0x0000000000000000
RIP=0x0000000180005b00, EFLAGS=0x0000000000010202

Top of Stack: (sp=0x00000093418fdf50)
0x00000093418fdf50:   0000000000000000 0000000000000000
0x00000093418fdf60:   00000093418fe140 0000000000000000
0x00000093418fdf70:   0000000000000000 00000093418fe138
0x00000093418fdf80:   000001a7fa9ffde0 0000000000000001
0x00000093418fdf90:   000001a7f9795218 000000000000004c
0x00000093418fdfa0:   ffffffffffffffff 0000000180006211
0x00000093418fdfb0:   000001a7f9e54010 000000000000004c
0x00000093418fdfc0:   0000000000000001 000001a7f9e54010
0x00000093418fdfd0:   000000000000004c 00000000ffffffff
0x00000093418fdfe0:   00000093418fe140 000001a7fa9ffde8
0x00000093418fdff0:   000001a7f9795000 000001a7f89dcd30
0x00000093418fe000:   000001a7f875db40 0000000061c68ff0
0x00000093418fe010:   00000093418fe9c8 000001a7fa9ffde8
0x00000093418fe020:   000001a7e0868910 0000a94b89fdc775
0x00000093418fe030:   000001a7fa9ffde8 000001a7fa9ffde0
0x00000093418fe040:   000001a7f9795000 00000093418fe140 

Instructions: (pc=0x0000000180005b00)
0x0000000180005ae0:   15 23 7a 01 00 48 8d 48 60 e8 3a 5d 00 00 4c 8b
0x0000000180005af0:   e5 8b ac 24 88 00 00 00 44 8b ac 24 80 00 00 00
0x0000000180005b00:   45 8b 74 24 08 41 89 5c 24 08 41 8b fd 85 ed 78
0x0000000180005b10:   09 ff 15 e9 14 01 00 44 8b f8 45 85 ed 7e 4a 90 



---------------  P R O C E S S  ---------------

Java Threads: ( => current thread )
=>0x000001a7f9795000 JavaThread "Thread-1" [_thread_in_native, id=1548, stack(0x0000009341800000,0x0000009341900000)]
  0x000001a7f9a5d000 JavaThread "Thread-0" [_thread_in_Java, id=11332, stack(0x0000009341700000,0x0000009341800000)]
  0x000001a7d470e000 JavaThread "DestroyJavaVM" [_thread_blocked, id=13412, stack(0x000000933fa00000,0x000000933fb00000)]
  0x000001a7f89a4000 JavaThread "AWT-EventQueue-0" [_thread_in_native, id=14112, stack(0x0000009341600000,0x0000009341700000)]
  0x000001a7f8251000 JavaThread "AWT-Windows" daemon [_thread_in_native, id=8320, stack(0x0000009341500000,0x0000009341600000)]
  0x000001a7f8258000 JavaThread "AWT-Shutdown" [_thread_blocked, id=10420, stack(0x0000009341400000,0x0000009341500000)]
  0x000001a7f8391800 JavaThread "Java2D Disposer" daemon [_thread_blocked, id=14164, stack(0x0000009341300000,0x0000009341400000)]
  0x000001a7f822f800 JavaThread "Service Thread" daemon [_thread_blocked, id=12868, stack(0x0000009341100000,0x0000009341200000)]
  0x000001a7f7d7d000 JavaThread "Common-Cleaner" daemon [_thread_blocked, id=13560, stack(0x0000009341000000,0x0000009341100000)]
  0x000001a7f7cda800 JavaThread "Sweeper thread" daemon [_thread_blocked, id=13580, stack(0x0000009340f00000,0x0000009341000000)]
  0x000001a7f7cd1800 JavaThread "C1 CompilerThread2" daemon [_thread_blocked, id=13960, stack(0x0000009340e00000,0x0000009340f00000)]
  0x000001a7f7cd1000 JavaThread "C2 CompilerThread1" daemon [_thread_in_native, id=13892, stack(0x0000009340d00000,0x0000009340e00000)]
  0x000001a7f7cce000 JavaThread "C2 CompilerThread0" daemon [_thread_in_native, id=14000, stack(0x0000009340c00000,0x0000009340d00000)]
  0x000001a7f7ccb800 JavaThread "Attach Listener" daemon [_thread_blocked, id=12576, stack(0x0000009340b00000,0x0000009340c00000)]
  0x000001a7f7cbe800 JavaThread "Signal Dispatcher" daemon [_thread_blocked, id=13528, stack(0x0000009340a00000,0x0000009340b00000)]
  0x000001a7f7c6b800 JavaThread "Finalizer" daemon [_thread_blocked, id=13664, stack(0x0000009340800000,0x0000009340900000)]
  0x000001a7f7c63000 JavaThread "Reference Handler" daemon [_thread_blocked, id=12808, stack(0x0000009340700000,0x0000009340800000)]

Other Threads:
  0x000001a7f7c5e000 VMThread "VM Thread" [stack: 0x0000009340600000,0x0000009340700000] [id=304]
  0x000001a7f82b3800 WatcherThread [stack: 0x0000009341200000,0x0000009341300000] [id=13736]
  0x000001a7d4725800 GCTaskThread "GC Thread#0" [stack: 0x000000933fb00000,0x000000933fc00000] [id=13748]
  0x000001a7d4726800 GCTaskThread "GC Thread#1" [stack: 0x000000933fc00000,0x000000933fd00000] [id=12696]
  0x000001a7d4728800 GCTaskThread "GC Thread#2" [stack: 0x000000933fd00000,0x000000933fe00000] [id=11880]
  0x000001a7d472b800 GCTaskThread "GC Thread#3" [stack: 0x000000933fe00000,0x000000933ff00000] [id=13372]
  0x000001a7d47b3000 ConcurrentGCThread "G1 Main Marker" [stack: 0x0000009340400000,0x0000009340500000] [id=14120]
  0x000001a7d47b4000 ConcurrentGCThread "G1 Marker#0" [stack: 0x0000009340500000,0x0000009340600000] [id=13592]
  0x000001a7d473e800 ConcurrentGCThread "G1 Refine#0" [stack: 0x0000009340200000,0x0000009340300000] [id=13760]
  0x000001a7d473e000 ConcurrentGCThread "G1 Refine#1" [stack: 0x0000009340100000,0x0000009340200000] [id=13424]
  0x000001a7d4738000 ConcurrentGCThread "G1 Refine#2" [stack: 0x0000009340000000,0x0000009340100000] [id=9392]
  0x000001a7d4734000 ConcurrentGCThread "G1 Refine#3" [stack: 0x000000933ff00000,0x0000009340000000] [id=14276]
  0x000001a7d474b800 ConcurrentGCThread "G1 Young RemSet Sampling" [stack: 0x0000009340300000,0x0000009340400000] [id=6168]

Threads with active compile tasks:
C2 CompilerThread11076       4       java.beans.PropertyChangeSupport::fire (39 bytes)
C2 CompilerThread01074   !   4       javax.swing.UIManager::getLAFState (62 bytes)

VM state:not at safepoint (normal execution)

VM Mutex/Monitor currently owned by a thread: None

Heap address: 0x0000000081a00000, size: 2022 MB, Compressed Oops mode: 32-bit
Narrow klass base: 0x0000000000000000, Narrow klass shift: 3
Compressed class space size: 1073741824 Address: 0x0000000100000000

Heap:
 garbage-first heap   total 131072K, used 13312K [0x0000000081a00000, 0x0000000081b00400, 0x0000000100000000)
  region size 1024K, 14 young (14336K), 0 survivors (0K)
 Metaspace       used 15094K, capacity 15940K, committed 16000K, reserved 1062912K
  class space    used 1692K, capacity 1893K, committed 1920K, reserved 1048576K
Heap Regions: E=young(eden), S=young(survivor), O=old, HS=humongous(starts), HC=humongous(continues), CS=collection set, F=free, A=archive, TS=gc time stamp, AC=allocation context, TAMS=top-at-mark-start (previous, next)
|   0|0x0000000081a00000, 0x0000000081a00000, 0x0000000081b00000|  0%| F|  |TS  0|AC  0|TAMS 0x0000000081a00000, 0x0000000081a00000|
|   1|0x0000000081b00000, 0x0000000081b00000, 0x0000000081c00000|  0%| F|  |TS  0|AC  0|TAMS 0x0000000081b00000, 0x0000000081b00000|
|   2|0x0000000081c00000, 0x0000000081c00000, 0x0000000081d00000|  0%| F|  |TS  0|AC  0|TAMS 0x0000000081c00000, 0x0000000081c00000|
|   3|0x0000000081d00000, 0x0000000081d00000, 0x0000000081e00000|  0%| F|  |TS  0|AC  0|TAMS 0x0000000081d00000, 0x0000000081d00000|
|   4|0x0000000081e00000, 0x0000000081e00000, 0x0000000081f00000|  0%| F|  |TS  0|AC  0|TAMS 0x0000000081e00000, 0x0000000081e00000|
|   5|0x0000000081f00000, 0x0000000081f00000, 0x0000000082000000|  0%| F|  |TS  0|AC  0|TAMS 0x0000000081f00000, 0x0000000081f00000|
|   6|0x0000000082000000, 0x0000000082000000, 0x0000000082100000|  0%| F|  |TS  0|AC  0|TAMS 0x0000000082000000, 0x0000000082000000|
|   7|0x0000000082100000, 0x0000000082100000, 0x0000000082200000|  0%| F|  |TS  0|AC  0|TAMS 0x0000000082100000, 0x0000000082100000|
|   8|0x0000000082200000, 0x0000000082200000, 0x0000000082300000|  0%| F|  |TS  0|AC  0|TAMS 0x0000000082200000, 0x0000000082200000|
|   9|0x0000000082300000, 0x0000000082300000, 0x0000000082400000|  0%| F|  |TS  0|AC  0|TAMS 0x0000000082300000, 0x0000000082300000|
|  10|0x0000000082400000, 0x0000000082400000, 0x0000000082500000|  0%| F|  |TS  0|AC  0|TAMS 0x0000000082400000, 0x0000000082400000|
|  11|0x0000000082500000, 0x0000000082500000, 0x0000000082600000|  0%| F|  |TS  0|AC  0|TAMS 0x0000000082500000, 0x0000000082500000|
|  12|0x0000000082600000, 0x0000000082600000, 0x0000000082700000|  0%| F|  |TS  0|AC  0|TAMS 0x0000000082600000, 0x0000000082600000|
|  13|0x0000000082700000, 0x0000000082700000, 0x0000000082800000|  0%| F|  |TS  0|AC  0|TAMS 0x0000000082700000, 0x0000000082700000|
|  14|0x0000000082800000, 0x0000000082800000, 0x0000000082900000|  0%| F|  |TS  0|AC  0|TAMS 0x0000000082800000, 0x0000000082800000|
|  15|0x0000000082900000, 0x0000000082900000, 0x0000000082a00000|  0%| F|  |TS  0|AC  0|TAMS 0x0000000082900000, 0x0000000082900000|
|  16|0x0000000082a00000, 0x0000000082a00000, 0x0000000082b00000|  0%| F|  |TS  0|AC  0|TAMS 0x0000000082a00000, 0x0000000082a00000|
|  17|0x0000000082b00000, 0x0000000082b00000, 0x0000000082c00000|  0%| F|  |TS  0|AC  0|TAMS 0x0000000082b00000, 0x0000000082b00000|
|  18|0x0000000082c00000, 0x0000000082c00000, 0x0000000082d00000|  0%| F|  |TS  0|AC  0|TAMS 0x0000000082c00000, 0x0000000082c00000|
|  19|0x0000000082d00000, 0x0000000082d00000, 0x0000000082e00000|  0%| F|  |TS  0|AC  0|TAMS 0x0000000082d00000, 0x0000000082d00000|
|  20|0x0000000082e00000, 0x0000000082e00000, 0x0000000082f00000|  0%| F|  |TS  0|AC  0|TAMS 0x0000000082e00000, 0x0000000082e00000|
|  21|0x0000000082f00000, 0x0000000082f00000, 0x0000000083000000|  0%| F|  |TS  0|AC  0|TAMS 0x0000000082f00000, 0x0000000082f00000|
|  22|0x0000000083000000, 0x0000000083000000, 0x0000000083100000|  0%| F|  |TS  0|AC  0|TAMS 0x0000000083000000, 0x0000000083000000|
|  23|0x0000000083100000, 0x0000000083100000, 0x0000000083200000|  0%| F|  |TS  0|AC  0|TAMS 0x0000000083100000, 0x0000000083100000|
|  24|0x0000000083200000, 0x0000000083200000, 0x0000000083300000|  0%| F|  |TS  0|AC  0|TAMS 0x0000000083200000, 0x0000000083200000|
|  25|0x0000000083300000, 0x0000000083300000, 0x0000000083400000|  0%| F|  |TS  0|AC  0|TAMS 0x0000000083300000, 0x0000000083300000|
|  26|0x0000000083400000, 0x0000000083400000, 0x0000000083500000|  0%| F|  |TS  0|AC  0|TAMS 0x0000000083400000, 0x0000000083400000|
|  27|0x0000000083500000, 0x0000000083500000, 0x0000000083600000|  0%| F|  |TS  0|AC  0|TAMS 0x0000000083500000, 0x0000000083500000|
|  28|0x0000000083600000, 0x0000000083600000, 0x0000000083700000|  0%| F|  |TS  0|AC  0|TAMS 0x0000000083600000, 0x0000000083600000|
|  29|0x0000000083700000, 0x0000000083700000, 0x0000000083800000|  0%| F|  |TS  0|AC  0|TAMS 0x0000000083700000, 0x0000000083700000|
|  30|0x0000000083800000, 0x0000000083800000, 0x0000000083900000|  0%| F|  |TS  0|AC  0|TAMS 0x0000000083800000, 0x0000000083800000|
|  31|0x0000000083900000, 0x0000000083900000, 0x0000000083a00000|  0%| F|  |TS  0|AC  0|TAMS 0x0000000083900000, 0x0000000083900000|
|  32|0x0000000083a00000, 0x0000000083a00000, 0x0000000083b00000|  0%| F|  |TS  0|AC  0|TAMS 0x0000000083a00000, 0x0000000083a00000|
|  33|0x0000000083b00000, 0x0000000083b00000, 0x0000000083c00000|  0%| F|  |TS  0|AC  0|TAMS 0x0000000083b00000, 0x0000000083b00000|
|  34|0x0000000083c00000, 0x0000000083c00000, 0x0000000083d00000|  0%| F|  |TS  0|AC  0|TAMS 0x0000000083c00000, 0x0000000083c00000|
|  35|0x0000000083d00000, 0x0000000083d00000, 0x0000000083e00000|  0%| F|  |TS  0|AC  0|TAMS 0x0000000083d00000, 0x0000000083d00000|
|  36|0x0000000083e00000, 0x0000000083e00000, 0x0000000083f00000|  0%| F|  |TS  0|AC  0|TAMS 0x0000000083e00000, 0x0000000083e00000|
|  37|0x0000000083f00000, 0x0000000083f00000, 0x0000000084000000|  0%| F|  |TS  0|AC  0|TAMS 0x0000000083f00000, 0x0000000083f00000|
|  38|0x0000000084000000, 0x0000000084000000, 0x0000000084100000|  0%| F|  |TS  0|AC  0|TAMS 0x0000000084000000, 0x0000000084000000|
|  39|0x0000000084100000, 0x0000000084100000, 0x0000000084200000|  0%| F|  |TS  0|AC  0|TAMS 0x0000000084100000, 0x0000000084100000|
|  40|0x0000000084200000, 0x0000000084200000, 0x0000000084300000|  0%| F|  |TS  0|AC  0|TAMS 0x0000000084200000, 0x0000000084200000|
|  41|0x0000000084300000, 0x0000000084300000, 0x0000000084400000|  0%| F|  |TS  0|AC  0|TAMS 0x0000000084300000, 0x0000000084300000|
|  42|0x0000000084400000, 0x0000000084400000, 0x0000000084500000|  0%| F|  |TS  0|AC  0|TAMS 0x0000000084400000, 0x0000000084400000|
|  43|0x0000000084500000, 0x0000000084500000, 0x0000000084600000|  0%| F|  |TS  0|AC  0|TAMS 0x0000000084500000, 0x0000000084500000|
|  44|0x0000000084600000, 0x0000000084600000, 0x0000000084700000|  0%| F|  |TS  0|AC  0|TAMS 0x0000000084600000, 0x0000000084600000|
|  45|0x0000000084700000, 0x0000000084700000, 0x0000000084800000|  0%| F|  |TS  0|AC  0|TAMS 0x0000000084700000, 0x0000000084700000|
|  46|0x0000000084800000, 0x0000000084800000, 0x0000000084900000|  0%| F|  |TS  0|AC  0|TAMS 0x0000000084800000, 0x0000000084800000|
|  47|0x0000000084900000, 0x0000000084900000, 0x0000000084a00000|  0%| F|  |TS  0|AC  0|TAMS 0x0000000084900000, 0x0000000084900000|
|  48|0x0000000084a00000, 0x0000000084a00000, 0x0000000084b00000|  0%| F|  |TS  0|AC  0|TAMS 0x0000000084a00000, 0x0000000084a00000|
|  49|0x0000000084b00000, 0x0000000084b00000, 0x0000000084c00000|  0%| F|  |TS  0|AC  0|TAMS 0x0000000084b00000, 0x0000000084b00000|
|  50|0x0000000084c00000, 0x0000000084c00000, 0x0000000084d00000|  0%| F|  |TS  0|AC  0|TAMS 0x0000000084c00000, 0x0000000084c00000|
|  51|0x0000000084d00000, 0x0000000084d00000, 0x0000000084e00000|  0%| F|  |TS  0|AC  0|TAMS 0x0000000084d00000, 0x0000000084d00000|
|  52|0x0000000084e00000, 0x0000000084e00000, 0x0000000084f00000|  0%| F|  |TS  0|AC  0|TAMS 0x0000000084e00000, 0x0000000084e00000|
|  53|0x0000000084f00000, 0x0000000084f00000, 0x0000000085000000|  0%| F|  |TS  0|AC  0|TAMS 0x0000000084f00000, 0x0000000084f00000|
|  54|0x0000000085000000, 0x0000000085000000, 0x0000000085100000|  0%| F|  |TS  0|AC  0|TAMS 0x0000000085000000, 0x0000000085000000|
|  55|0x0000000085100000, 0x0000000085100000, 0x0000000085200000|  0%| F|  |TS  0|AC  0|TAMS 0x0000000085100000, 0x0000000085100000|
|  56|0x0000000085200000, 0x0000000085200000, 0x0000000085300000|  0%| F|  |TS  0|AC  0|TAMS 0x0000000085200000, 0x0000000085200000|
|  57|0x0000000085300000, 0x0000000085300000, 0x0000000085400000|  0%| F|  |TS  0|AC  0|TAMS 0x0000000085300000, 0x0000000085300000|
|  58|0x0000000085400000, 0x0000000085400000, 0x0000000085500000|  0%| F|  |TS  0|AC  0|TAMS 0x0000000085400000, 0x0000000085400000|
|  59|0x0000000085500000, 0x0000000085500000, 0x0000000085600000|  0%| F|  |TS  0|AC  0|TAMS 0x0000000085500000, 0x0000000085500000|
|  60|0x0000000085600000, 0x0000000085600000, 0x0000000085700000|  0%| F|  |TS  0|AC  0|TAMS 0x0000000085600000, 0x0000000085600000|
|  61|0x0000000085700000, 0x0000000085700000, 0x0000000085800000|  0%| F|  |TS  0|AC  0|TAMS 0x0000000085700000, 0x0000000085700000|
|  62|0x0000000085800000, 0x0000000085800000, 0x0000000085900000|  0%| F|  |TS  0|AC  0|TAMS 0x0000000085800000, 0x0000000085800000|
|  63|0x0000000085900000, 0x0000000085900000, 0x0000000085a00000|  0%| F|  |TS  0|AC  0|TAMS 0x0000000085900000, 0x0000000085900000|
|  64|0x0000000085a00000, 0x0000000085a00000, 0x0000000085b00000|  0%| F|  |TS  0|AC  0|TAMS 0x0000000085a00000, 0x0000000085a00000|
|  65|0x0000000085b00000, 0x0000000085b00000, 0x0000000085c00000|  0%| F|  |TS  0|AC  0|TAMS 0x0000000085b00000, 0x0000000085b00000|
|  66|0x0000000085c00000, 0x0000000085c00000, 0x0000000085d00000|  0%| F|  |TS  0|AC  0|TAMS 0x0000000085c00000, 0x0000000085c00000|
|  67|0x0000000085d00000, 0x0000000085d00000, 0x0000000085e00000|  0%| F|  |TS  0|AC  0|TAMS 0x0000000085d00000, 0x0000000085d00000|
|  68|0x0000000085e00000, 0x0000000085e00000, 0x0000000085f00000|  0%| F|  |TS  0|AC  0|TAMS 0x0000000085e00000, 0x0000000085e00000|
|  69|0x0000000085f00000, 0x0000000085f00000, 0x0000000086000000|  0%| F|  |TS  0|AC  0|TAMS 0x0000000085f00000, 0x0000000085f00000|
|  70|0x0000000086000000, 0x0000000086000000, 0x0000000086100000|  0%| F|  |TS  0|AC  0|TAMS 0x0000000086000000, 0x0000000086000000|
|  71|0x0000000086100000, 0x0000000086100000, 0x0000000086200000|  0%| F|  |TS  0|AC  0|TAMS 0x0000000086100000, 0x0000000086100000|
|  72|0x0000000086200000, 0x0000000086200000, 0x0000000086300000|  0%| F|  |TS  0|AC  0|TAMS 0x0000000086200000, 0x0000000086200000|
|  73|0x0000000086300000, 0x0000000086300000, 0x0000000086400000|  0%| F|  |TS  0|AC  0|TAMS 0x0000000086300000, 0x0000000086300000|
|  74|0x0000000086400000, 0x0000000086400000, 0x0000000086500000|  0%| F|  |TS  0|AC  0|TAMS 0x0000000086400000, 0x0000000086400000|
|  75|0x0000000086500000, 0x0000000086500000, 0x0000000086600000|  0%| F|  |TS  0|AC  0|TAMS 0x0000000086500000, 0x0000000086500000|
|  76|0x0000000086600000, 0x0000000086600000, 0x0000000086700000|  0%| F|  |TS  0|AC  0|TAMS 0x0000000086600000, 0x0000000086600000|
|  77|0x0000000086700000, 0x0000000086700000, 0x0000000086800000|  0%| F|  |TS  0|AC  0|TAMS 0x0000000086700000, 0x0000000086700000|
|  78|0x0000000086800000, 0x0000000086800000, 0x0000000086900000|  0%| F|  |TS  0|AC  0|TAMS 0x0000000086800000, 0x0000000086800000|
|  79|0x0000000086900000, 0x0000000086900000, 0x0000000086a00000|  0%| F|  |TS  0|AC  0|TAMS 0x0000000086900000, 0x0000000086900000|
|  80|0x0000000086a00000, 0x0000000086a00000, 0x0000000086b00000|  0%| F|  |TS  0|AC  0|TAMS 0x0000000086a00000, 0x0000000086a00000|
|  81|0x0000000086b00000, 0x0000000086b00000, 0x0000000086c00000|  0%| F|  |TS  0|AC  0|TAMS 0x0000000086b00000, 0x0000000086b00000|
|  82|0x0000000086c00000, 0x0000000086c00000, 0x0000000086d00000|  0%| F|  |TS  0|AC  0|TAMS 0x0000000086c00000, 0x0000000086c00000|
|  83|0x0000000086d00000, 0x0000000086d00000, 0x0000000086e00000|  0%| F|  |TS  0|AC  0|TAMS 0x0000000086d00000, 0x0000000086d00000|
|  84|0x0000000086e00000, 0x0000000086e00000, 0x0000000086f00000|  0%| F|  |TS  0|AC  0|TAMS 0x0000000086e00000, 0x0000000086e00000|
|  85|0x0000000086f00000, 0x0000000086f00000, 0x0000000087000000|  0%| F|  |TS  0|AC  0|TAMS 0x0000000086f00000, 0x0000000086f00000|
|  86|0x0000000087000000, 0x0000000087000000, 0x0000000087100000|  0%| F|  |TS  0|AC  0|TAMS 0x0000000087000000, 0x0000000087000000|
|  87|0x0000000087100000, 0x0000000087100000, 0x0000000087200000|  0%| F|  |TS  0|AC  0|TAMS 0x0000000087100000, 0x0000000087100000|
|  88|0x0000000087200000, 0x0000000087200000, 0x0000000087300000|  0%| F|  |TS  0|AC  0|TAMS 0x0000000087200000, 0x0000000087200000|
|  89|0x0000000087300000, 0x0000000087300000, 0x0000000087400000|  0%| F|  |TS  0|AC  0|TAMS 0x0000000087300000, 0x0000000087300000|
|  90|0x0000000087400000, 0x0000000087400000, 0x0000000087500000|  0%| F|  |TS  0|AC  0|TAMS 0x0000000087400000, 0x0000000087400000|
|  91|0x0000000087500000, 0x0000000087500000, 0x0000000087600000|  0%| F|  |TS  0|AC  0|TAMS 0x0000000087500000, 0x0000000087500000|
|  92|0x0000000087600000, 0x0000000087600000, 0x0000000087700000|  0%| F|  |TS  0|AC  0|TAMS 0x0000000087600000, 0x0000000087600000|
|  93|0x0000000087700000, 0x0000000087700000, 0x0000000087800000|  0%| F|  |TS  0|AC  0|TAMS 0x0000000087700000, 0x0000000087700000|
|  94|0x0000000087800000, 0x0000000087800000, 0x0000000087900000|  0%| F|  |TS  0|AC  0|TAMS 0x0000000087800000, 0x0000000087800000|
|  95|0x0000000087900000, 0x0000000087900000, 0x0000000087a00000|  0%| F|  |TS  0|AC  0|TAMS 0x0000000087900000, 0x0000000087900000|
|  96|0x0000000087a00000, 0x0000000087a00000, 0x0000000087b00000|  0%| F|  |TS  0|AC  0|TAMS 0x0000000087a00000, 0x0000000087a00000|
|  97|0x0000000087b00000, 0x0000000087b00000, 0x0000000087c00000|  0%| F|  |TS  0|AC  0|TAMS 0x0000000087b00000, 0x0000000087b00000|
|  98|0x0000000087c00000, 0x0000000087c00000, 0x0000000087d00000|  0%| F|  |TS  0|AC  0|TAMS 0x0000000087c00000, 0x0000000087c00000|
|  99|0x0000000087d00000, 0x0000000087d00000, 0x0000000087e00000|  0%| F|  |TS  0|AC  0|TAMS 0x0000000087d00000, 0x0000000087d00000|
| 100|0x0000000087e00000, 0x0000000087e00000, 0x0000000087f00000|  0%| F|  |TS  0|AC  0|TAMS 0x0000000087e00000, 0x0000000087e00000|
| 101|0x0000000087f00000, 0x0000000087f00000, 0x0000000088000000|  0%| F|  |TS  0|AC  0|TAMS 0x0000000087f00000, 0x0000000087f00000|
| 102|0x0000000088000000, 0x0000000088000000, 0x0000000088100000|  0%| F|  |TS  0|AC  0|TAMS 0x0000000088000000, 0x0000000088000000|
| 103|0x0000000088100000, 0x0000000088100000, 0x0000000088200000|  0%| F|  |TS  0|AC  0|TAMS 0x0000000088100000, 0x0000000088100000|
| 104|0x0000000088200000, 0x0000000088200000, 0x0000000088300000|  0%| F|  |TS  0|AC  0|TAMS 0x0000000088200000, 0x0000000088200000|
| 105|0x0000000088300000, 0x0000000088300000, 0x0000000088400000|  0%| F|  |TS  0|AC  0|TAMS 0x0000000088300000, 0x0000000088300000|
| 106|0x0000000088400000, 0x0000000088400000, 0x0000000088500000|  0%| F|  |TS  0|AC  0|TAMS 0x0000000088400000, 0x0000000088400000|
| 107|0x0000000088500000, 0x0000000088500000, 0x0000000088600000|  0%| F|  |TS  0|AC  0|TAMS 0x0000000088500000, 0x0000000088500000|
| 108|0x0000000088600000, 0x0000000088600000, 0x0000000088700000|  0%| F|  |TS  0|AC  0|TAMS 0x0000000088600000, 0x0000000088600000|
| 109|0x0000000088700000, 0x0000000088700000, 0x0000000088800000|  0%| F|  |TS  0|AC  0|TAMS 0x0000000088700000, 0x0000000088700000|
| 110|0x0000000088800000, 0x0000000088800000, 0x0000000088900000|  0%| F|  |TS  0|AC  0|TAMS 0x0000000088800000, 0x0000000088800000|
| 111|0x0000000088900000, 0x0000000088900000, 0x0000000088a00000|  0%| F|  |TS  0|AC  0|TAMS 0x0000000088900000, 0x0000000088900000|
| 112|0x0000000088a00000, 0x0000000088a00000, 0x0000000088b00000|  0%| F|  |TS  0|AC  0|TAMS 0x0000000088a00000, 0x0000000088a00000|
| 113|0x0000000088b00000, 0x0000000088b00000, 0x0000000088c00000|  0%| F|  |TS  0|AC  0|TAMS 0x0000000088b00000, 0x0000000088b00000|
| 114|0x0000000088c00000, 0x0000000088c8fe40, 0x0000000088d00000| 56%| E|  |TS  0|AC  0|TAMS 0x0000000088c00000, 0x0000000088c00000|
| 115|0x0000000088d00000, 0x0000000088e00000, 0x0000000088e00000|100%| E|CS|TS  0|AC  0|TAMS 0x0000000088d00000, 0x0000000088d00000|
| 116|0x0000000088e00000, 0x0000000088f00000, 0x0000000088f00000|100%| E|CS|TS  0|AC  0|TAMS 0x0000000088e00000, 0x0000000088e00000|
| 117|0x0000000088f00000, 0x0000000089000000, 0x0000000089000000|100%| E|CS|TS  0|AC  0|TAMS 0x0000000088f00000, 0x0000000088f00000|
| 118|0x0000000089000000, 0x0000000089100000, 0x0000000089100000|100%| E|CS|TS  0|AC  0|TAMS 0x0000000089000000, 0x0000000089000000|
| 119|0x0000000089100000, 0x0000000089200000, 0x0000000089200000|100%| E|CS|TS  0|AC  0|TAMS 0x0000000089100000, 0x0000000089100000|
| 120|0x0000000089200000, 0x0000000089300000, 0x0000000089300000|100%| E|CS|TS  0|AC  0|TAMS 0x0000000089200000, 0x0000000089200000|
| 121|0x0000000089300000, 0x0000000089400000, 0x0000000089400000|100%| E|CS|TS  0|AC  0|TAMS 0x0000000089300000, 0x0000000089300000|
| 122|0x0000000089400000, 0x0000000089500000, 0x0000000089500000|100%| E|CS|TS  0|AC  0|TAMS 0x0000000089400000, 0x0000000089400000|
| 123|0x0000000089500000, 0x0000000089600000, 0x0000000089600000|100%| E|CS|TS  0|AC  0|TAMS 0x0000000089500000, 0x0000000089500000|
| 124|0x0000000089600000, 0x0000000089700000, 0x0000000089700000|100%| E|CS|TS  0|AC  0|TAMS 0x0000000089600000, 0x0000000089600000|
| 125|0x0000000089700000, 0x0000000089800000, 0x0000000089800000|100%| E|CS|TS  0|AC  0|TAMS 0x0000000089700000, 0x0000000089700000|
| 126|0x0000000089800000, 0x0000000089900000, 0x0000000089900000|100%| E|CS|TS  0|AC  0|TAMS 0x0000000089800000, 0x0000000089800000|
| 127|0x0000000089900000, 0x0000000089a00000, 0x0000000089a00000|100%| E|CS|TS  0|AC  0|TAMS 0x0000000089900000, 0x0000000089900000|

Card table byte_map: [0x000001a7f0680000,0x000001a7f0a80000] byte_map_base: 0x000001a7f0273000

Marking Bits (Prev, Next): (CMBitMap*) 0x000001a7d47b25a0, (CMBitMap*) 0x000001a7d47b25d8
 Prev Bits: [0x000001a7f0e80000, 0x000001a7f2e18000)
 Next Bits: [0x000001a7f2e20000, 0x000001a7f4db8000)

Polling page: 0x000001a7d2650000

CodeHeap 'non-profiled nmethods': size=120064Kb used=418Kb max_used=418Kb free=119645Kb
 bounds [0x000001a7e8320000, 0x000001a7e8590000, 0x000001a7ef860000]
CodeHeap 'profiled nmethods': size=120000Kb used=1961Kb max_used=1961Kb free=118038Kb
 bounds [0x000001a7e0df0000, 0x000001a7e1060000, 0x000001a7e8320000]
CodeHeap 'non-nmethods': size=5696Kb used=1344Kb max_used=1359Kb free=4351Kb
 bounds [0x000001a7e0860000, 0x000001a7e0ad0000, 0x000001a7e0df0000]
 total_blobs=1855 nmethods=1074 adapters=476
 compilation: enabled

Compilation events (10 events):
Event: 0.968 Thread 0x000001a7f7cd1800 nmethod 985 0x000001a7e8382b90 code [0x000001a7e8382d40, 0x000001a7e8382e58]
Event: 0.968 Thread 0x000001a7f7cd1800  986       1       java.awt.Component::getObjectLock (5 bytes)
Event: 0.968 Thread 0x000001a7f7cd1800 nmethod 986 0x000001a7e8382f10 code [0x000001a7e83830c0, 0x000001a7e83831d8]
Event: 0.968 Thread 0x000001a7f7cd1800  987       1       java.util.concurrent.locks.AbstractQueuedSynchronizer::setState (6 bytes)
Event: 0.968 Thread 0x000001a7f7cd1800 nmethod 987 0x000001a7e8383290 code [0x000001a7e8383440, 0x000001a7e8383558]
Event: 0.968 Thread 0x000001a7f7cd1800  988       3       sun.awt.AWTAccessor::getComponentAccessor (18 bytes)
Event: 0.968 Thread 0x000001a7f7cd1800 nmethod 988 0x000001a7e0fac290 code [0x000001a7e0fac460, 0x000001a7e0fac730]
Event: 0.968 Thread 0x000001a7f7cd1800  989       3       sun.awt.SunToolkit::targetToAppContext (30 bytes)
Event: 0.969 Thread 0x000001a7f7cd1800 nmethod 989 0x000001a7e0fac810 code [0x000001a7e0faca00, 0x000001a7e0facfe0]
Event: 0.969 Thread 0x000001a7f7cd1800  992   !   3       javax.swing.UIManager::getLAFState (62 bytes)

GC Heap History (0 events):
No events

Deoptimization events (10 events):
Event: 0.459 Thread 0x000001a7d470e000 Uncommon trap: reason=unstable_if action=reinterpret pc=0x000001a7e83323fc method=java.util.HashMap.putVal(ILjava/lang/Object;Ljava/lang/Object;ZZ)Ljava/lang/Object; @ 81 c2
Event: 0.721 Thread 0x000001a7d470e000 Uncommon trap: reason=unstable_if action=reinterpret pc=0x000001a7e836a6d4 method=java.util.HashMap.hash(Ljava/lang/Object;)I @ 1 c2
Event: 0.721 Thread 0x000001a7d470e000 Uncommon trap: reason=unstable_if action=reinterpret pc=0x000001a7e832c5a8 method=java.util.HashMap.hash(Ljava/lang/Object;)I @ 1 c2
Event: 0.733 Thread 0x000001a7d470e000 Uncommon trap: reason=class_check action=maybe_recompile pc=0x000001a7e835b878 method=java.util.HashMap.getNode(ILjava/lang/Object;)Ljava/util/HashMap$Node; @ 59 c2
Event: 0.733 Thread 0x000001a7d470e000 Uncommon trap: reason=class_check action=maybe_recompile pc=0x000001a7e835b878 method=java.util.HashMap.getNode(ILjava/lang/Object;)Ljava/util/HashMap$Node; @ 59 c2
Event: 0.733 Thread 0x000001a7d470e000 Uncommon trap: reason=class_check action=maybe_recompile pc=0x000001a7e835b878 method=java.util.HashMap.getNode(ILjava/lang/Object;)Ljava/util/HashMap$Node; @ 59 c2
Event: 0.733 Thread 0x000001a7d470e000 Uncommon trap: reason=class_check action=maybe_recompile pc=0x000001a7e835b878 method=java.util.HashMap.getNode(ILjava/lang/Object;)Ljava/util/HashMap$Node; @ 59 c2
Event: 0.777 Thread 0x000001a7d470e000 Uncommon trap: reason=unstable_fused_if action=reinterpret pc=0x000001a7e833806c method=java.util.HashMap.resize()[Ljava/util/HashMap$Node; @ 31 c2
Event: 0.846 Thread 0x000001a7f8251000 Uncommon trap: reason=bimorphic_or_optimized_type_check action=maybe_recompile pc=0x000001a7e8371ca8 method=java.util.HashMap.getNode(ILjava/lang/Object;)Ljava/util/HashMap$Node; @ 59 c2
Event: 0.920 Thread 0x000001a7f9a5d000 Uncommon trap: reason=unstable_if action=reinterpret pc=0x000001a7e836f444 method=java.lang.AbstractStringBuilder.append(Ljava/lang/String;)Ljava/lang/AbstractStringBuilder; @ 1 c2

Classes redefined (0 events):
No events

Internal exceptions (10 events):
Event: 0.737 Thread 0x000001a7d470e000 Exception <a 'java/lang/NoSuchMethodError'{0x0000000089018eb0}: java.lang.invoke.DirectMethodHandle$Holder.invokeStatic(Ljava/lang/Object;Ljava/lang/Object;Ljava/lang/Object;Ljava/lang/Object;Ljava/lang/Object;Ljava/lang/Object;Ljava/lang/Object;Ljava/lan
Event: 0.743 Thread 0x000001a7d470e000 Exception <a 'java/lang/NoSuchMethodError'{0x0000000089037258}: java.lang.invoke.DirectMethodHandle$Holder.invokeStatic(Ljava/lang/Object;Ljava/lang/Object;Ljava/lang/Object;Ljava/lang/Object;Ljava/lang/Object;Ljava/lang/Object;Ljava/lang/Object;Ljava/lan
Event: 0.764 Thread 0x000001a7d470e000 Exception <a 'java/lang/NoSuchMethodError'{0x0000000089056aa8}: java.lang.invoke.DirectMethodHandle$Holder.invokeStatic(Ljava/lang/Object;Ljava/lang/Object;Ljava/lang/Object;Ljava/lang/Object;Ljava/lang/Object;Ljava/lang/Object;Ljava/lang/Object;Ljava/lan
Event: 0.770 Thread 0x000001a7d470e000 Exception <a 'java/lang/NoSuchMethodError'{0x00000000890774a0}: java.lang.invoke.DirectMethodHandle$Holder.invokeStatic(Ljava/lang/Object;Ljava/lang/Object;Ljava/lang/Object;Ljava/lang/Object;Ljava/lang/Object;Ljava/lang/Object;Ljava/lang/Object;Ljava/lan
Event: 0.812 Thread 0x000001a7f89a4000 Exception <a 'java/lang/ClassNotFoundException'{0x0000000088f9e2d8}: com/sun/swing/internal/plaf/synth/resources/spi/synthProvider> (0x0000000088f9e2d8) thrown at [c:/workspace/9-2-build-windows-amd64-cygwin-phase2/jdk9/6725/hotspot/src/share/vm/classfile
Event: 0.920 Thread 0x000001a7f9a5d000 Implicit null exception at 0x000001a7e836ef74 to 0x000001a7e836f42d
Event: 0.920 Thread 0x000001a7f9a5d000 Exception <a 'java/io/FileNotFoundException'{0x0000000088ebad30}> (0x0000000088ebad30) thrown at [c:/workspace/9-2-build-windows-amd64-cygwin-phase2/jdk9/6725/hotspot/src/share/vm/prims/jni.cpp, line 604]
Event: 0.938 Thread 0x000001a7f9a5d000 Exception <a 'java/io/FileNotFoundException'{0x0000000088ecc808}> (0x0000000088ecc808) thrown at [c:/workspace/9-2-build-windows-amd64-cygwin-phase2/jdk9/6725/hotspot/src/share/vm/prims/jni.cpp, line 604]
Event: 0.939 Thread 0x000001a7f9a5d000 Exception <a 'java/io/FileNotFoundException'{0x0000000088d78788}> (0x0000000088d78788) thrown at [c:/workspace/9-2-build-windows-amd64-cygwin-phase2/jdk9/6725/hotspot/src/share/vm/prims/jni.cpp, line 604]
Event: 0.942 Thread 0x000001a7f9a5d000 Exception <a 'java/io/FileNotFoundException'{0x0000000088d89e10}> (0x0000000088d89e10) thrown at [c:/workspace/9-2-build-windows-amd64-cygwin-phase2/jdk9/6725/hotspot/src/share/vm/prims/jni.cpp, line 604]

Events (10 events):
Event: 0.966 loading class java/applet/Applet
Event: 0.966 loading class javax/swing/CellRendererPane
Event: 0.966 loading class javax/swing/CellRendererPane done
Event: 0.966 loading class java/awt/Panel
Event: 0.966 loading class java/awt/Panel done
Event: 0.966 loading class java/applet/Applet done
Event: 0.967 loading class gnu/io/SerialPortEvent
Event: 0.967 loading class gnu/io/SerialPortEvent done
Event: 0.967 loading class javax/swing/RepaintManager$3
Event: 0.967 loading class javax/swing/RepaintManager$3 done


Dynamic libraries:
0x00007ff7956d0000 - 0x00007ff79570e000 	C:\Program Files\Java\jdk-9\bin\java.exe
0x00007ff8a9eb0000 - 0x00007ff8aa090000 	C:\WINDOWS\SYSTEM32\ntdll.dll
0x00007ff8a9b60000 - 0x00007ff8a9c0e000 	C:\WINDOWS\System32\KERNEL32.DLL
0x00007ff8a6dc0000 - 0x00007ff8a7026000 	C:\WINDOWS\System32\KERNELBASE.dll
0x00007ff8a9060000 - 0x00007ff8a9101000 	C:\WINDOWS\System32\ADVAPI32.dll
0x00007ff8a93b0000 - 0x00007ff8a944d000 	C:\WINDOWS\System32\msvcrt.dll
0x00007ff8a9c80000 - 0x00007ff8a9cdb000 	C:\WINDOWS\System32\sechost.dll
0x00007ff8a7800000 - 0x00007ff8a791f000 	C:\WINDOWS\System32\RPCRT4.dll
0x00007ff8a99b0000 - 0x00007ff8a9b3f000 	C:\WINDOWS\System32\USER32.dll
0x00007ff8a65d0000 - 0x00007ff8a65f0000 	C:\WINDOWS\System32\win32u.dll
0x00007ff8a9380000 - 0x00007ff8a93a8000 	C:\WINDOWS\System32\GDI32.dll
0x00007ff8a70e0000 - 0x00007ff8a7273000 	C:\WINDOWS\System32\gdi32full.dll
0x00007ff8a6360000 - 0x00007ff8a63fb000 	C:\WINDOWS\System32\msvcp_win.dll
0x00007ff8a7280000 - 0x00007ff8a7376000 	C:\WINDOWS\System32\ucrtbase.dll
0x00007ff899400000 - 0x00007ff899669000 	C:\WINDOWS\WinSxS\amd64_microsoft.windows.common-controls_6595b64144ccf1df_6.0.16299.248_none_15ced204935f55d7\COMCTL32.dll
0x00007ff89cec0000 - 0x00007ff89ceca000 	C:\WINDOWS\SYSTEM32\VERSION.dll
0x00007ff8a74f0000 - 0x00007ff8a77f8000 	C:\WINDOWS\System32\combase.dll
0x00007ff8a6d40000 - 0x00007ff8a6db2000 	C:\WINDOWS\System32\bcryptPrimitives.dll
0x00007ff8a9030000 - 0x00007ff8a905d000 	C:\WINDOWS\System32\IMM32.DLL
0x00007ff87b2e0000 - 0x00007ff87b3cf000 	C:\Program Files\Java\jdk-9\bin\msvcr120.dll
0x00007ff87a3f0000 - 0x00007ff87a496000 	C:\Program Files\Java\jdk-9\bin\msvcp120.dll
0x0000000061930000 - 0x000000006235a000 	C:\Program Files\Java\jdk-9\bin\server\jvm.dll
0x00007ff8a9e60000 - 0x00007ff8a9e68000 	C:\WINDOWS\System32\PSAPI.DLL
0x00007ff8a3c80000 - 0x00007ff8a3ca3000 	C:\WINDOWS\SYSTEM32\WINMM.dll
0x00007ff8980b0000 - 0x00007ff8980b9000 	C:\WINDOWS\SYSTEM32\WSOCK32.dll
0x00007ff8a9c10000 - 0x00007ff8a9c7c000 	C:\WINDOWS\System32\WS2_32.dll
0x00007ff8a3300000 - 0x00007ff8a332a000 	C:\WINDOWS\SYSTEM32\WINMMBASE.dll
0x00007ff8a7090000 - 0x00007ff8a70da000 	C:\WINDOWS\System32\cfgmgr32.dll
0x00007ff89ebd0000 - 0x00007ff89ebdf000 	C:\Program Files\Java\jdk-9\bin\verify.dll
0x00007ff894b70000 - 0x00007ff894b97000 	C:\Program Files\Java\jdk-9\bin\java.dll
0x00007ff89d240000 - 0x00007ff89d256000 	C:\Program Files\Java\jdk-9\bin\zip.dll
0x00007ff89d060000 - 0x00007ff89d06a000 	C:\Program Files\Java\jdk-9\bin\jimage.dll
0x00007ff8a7ac0000 - 0x00007ff8a8ef6000 	C:\WINDOWS\System32\SHELL32.dll
0x00007ff8a9450000 - 0x00007ff8a94f6000 	C:\WINDOWS\System32\shcore.dll
0x00007ff8a65f0000 - 0x00007ff8a6d37000 	C:\WINDOWS\System32\windows.storage.dll
0x00007ff8a9950000 - 0x00007ff8a99a1000 	C:\WINDOWS\System32\shlwapi.dll
0x00007ff8a6200000 - 0x00007ff8a6211000 	C:\WINDOWS\System32\kernel.appcore.dll
0x00007ff8a6260000 - 0x00007ff8a62ac000 	C:\WINDOWS\System32\powrprof.dll
0x00007ff8a6240000 - 0x00007ff8a625b000 	C:\WINDOWS\System32\profapi.dll
0x00007ff897900000 - 0x00007ff89791a000 	C:\Program Files\Java\jdk-9\bin\net.dll
0x00007ff8a24e0000 - 0x00007ff8a25be000 	C:\WINDOWS\SYSTEM32\WINHTTP.dll
0x00007ff8a5a90000 - 0x00007ff8a5af6000 	C:\WINDOWS\system32\mswsock.dll
0x00007ff890e80000 - 0x00007ff890e91000 	C:\Program Files\Java\jdk-9\bin\nio.dll
0x00007ff8740a0000 - 0x00007ff87423a000 	C:\Program Files\Java\jdk-9\bin\awt.dll
0x00007ff8a8f60000 - 0x00007ff8a9025000 	C:\WINDOWS\System32\OLEAUT32.dll
0x00007ff8a3cb0000 - 0x00007ff8a4268000 	C:\WINDOWS\SYSTEM32\d2d1.dll
0x00007ff8a6400000 - 0x00007ff8a65ce000 	C:\WINDOWS\System32\CRYPT32.dll
0x00007ff8a6220000 - 0x00007ff8a6232000 	C:\WINDOWS\System32\MSASN1.dll
0x00007ff8a4770000 - 0x00007ff8a47f8000 	C:\WINDOWS\SYSTEM32\apphelp.dll
0x00007ff8a49c0000 - 0x00007ff8a4a55000 	C:\WINDOWS\system32\uxtheme.dll
0x00007ff8a7380000 - 0x00007ff8a74e7000 	C:\WINDOWS\System32\MSCTF.dll
0x00007ff8a4a90000 - 0x00007ff8a4aba000 	C:\WINDOWS\system32\dwmapi.dll
0x00007ff8a9190000 - 0x00007ff8a92d9000 	C:\WINDOWS\System32\ole32.dll
0x00007ff87a350000 - 0x00007ff87a3ed000 	C:\Program Files\Java\jdk-9\bin\fontmanager.dll
0x00007ff8819a0000 - 0x00007ff881abe000 	C:\WINDOWS\system32\opengl32.dll
0x00007ff881930000 - 0x00007ff88195c000 	C:\WINDOWS\SYSTEM32\GLU32.dll
0x00007ff89fa20000 - 0x00007ff89fab8000 	C:\WINDOWS\System32\TextInputFramework.dll
0x00007ff89f730000 - 0x00007ff89fa1e000 	C:\WINDOWS\System32\CoreUIComponents.dll
0x00007ff8a4270000 - 0x00007ff8a434c000 	C:\WINDOWS\System32\CoreMessaging.dll
0x00007ff8a5340000 - 0x00007ff8a5371000 	C:\WINDOWS\SYSTEM32\ntmarta.dll
0x00007ff8a1ec0000 - 0x00007ff8a1ff6000 	C:\WINDOWS\SYSTEM32\wintypes.dll
0x0000000180000000 - 0x0000000180025000 	C:\Program Files\Java\jdk-9\bin\rxtxSerial.dll
0x00007ff87df80000 - 0x00007ff87dfc2000 	C:\Program Files\Java\jdk-9\bin\t2k.dll
0x00007ff893b30000 - 0x00007ff893cf8000 	C:\WINDOWS\SYSTEM32\dbghelp.dll

VM Arguments:
jvm_args: -Dfile.encoding=UTF-8 --module-path=C:\Users\jarde\OneDrive\Documentos\GitHub\Archery_Simulator\Hardware\Comunicação Bluetooth\RXTX Java\Java read arduino sensors\JavaReadArduinoSensors\build\classes 
java_command: view.ViewSensors
java_class_path (initial): C:\Users\jarde\OneDrive\Documentos\GitHub\Archery_Simulator\Hardware\Comunicação Bluetooth\RXTX Java\Biblioteca RXTX\mfz-rxtx-2.2-20081207-win-x64\RXTXcomm.jar;C:\Users\jarde\OneDrive\Documentos\GitHub\Archery_Simulator\Hardware\Comunicação Bluetooth\RXTX Java\Java read arduino sensors\JavaReadArduinoSensors\RXTXcomm.jar;C:\Users\jarde\OneDrive\Documentos\GitHub\Archery_Simulator\Hardware\Comunicação Bluetooth\RXTX Java\Java read arduino sensors\JavaReadArduinoSensors\build\classes
Launcher Type: SUN_STANDARD

Logging:
Log output configuration:
#0: stdout all=warning uptime,level,tags
#1: stderr all=off uptime,level,tags

Environment Variables:
JAVA_HOME=C:\Program Files\Java\jdk-9
CLASSPATH=.;JAVA_HOME
PATH=C:\Program Files (x86)\Common Files\Intel\Shared Files\cpp\bin\Intel64;C:\ProgramData\Oracle\Java\javapath;C:\Program Files (x86)\Intel\iCLS Client\;C:\Program Files\Intel\iCLS Client\;C:\windows\system32;C:\windows;C:\windows\System32\Wbem;C:\windows\System32\WindowsPowerShell\v1.0\;C:\Program Files (x86)\NVIDIA Corporation\PhysX\Common;C:\Program Files\Samsung\SamsungLink\AllShare Framework DMS\bin\;C:\Program Files (x86)\Intel\Intel(R) Management Engine Components\DAL;C:\Program Files\Intel\Intel(R) Management Engine Components\DAL;C:\Program Files (x86)\Intel\Intel(R) Management Engine Components\IPT;C:\Program Files\Intel\Intel(R) Management Engine Components\IPT;C:\WINDOWS\system32;C:\WINDOWS;C:\WINDOWS\System32\Wbem;C:\WINDOWS\System32\WindowsPowerShell\v1.0\;C:\Program Files (x86)\IVI Foundation\VISA\WinNT\Bin;C:\Program Files (x86)\PuTTY\;C:\Program Files\Java\jdk-9\bin;C:\Program Files (x86)\Windows Live\Shared;C:\Users\jarde\AppData\Local\Programs\Python\Python36-32\Scripts\;C:\Users\jarde\AppData\Local\Programs\Python\Python36-32\;C:\Users\jarde\AppData\Local\Microsoft\WindowsApps;C:\Program Files (x86)\Microsoft VS Code\bin;C:\Program Files\Java\jdk-9\bin;
USERNAME=jarde
OS=Windows_NT
PROCESSOR_IDENTIFIER=Intel64 Family 6 Model 61 Stepping 4, GenuineIntel



---------------  S Y S T E M  ---------------

OS: Windows 10 , 64 bit Build 16299 (10.0.16299.15)

CPU:total 4 (initial active 4) (2 cores per cpu, 2 threads per core) family 6 model 61 stepping 4, cmov, cx8, fxsr, mmx, sse, sse2, sse3, ssse3, sse4.1, sse4.2, popcnt, avx, avx2, aes, clmul, erms, 3dnowpref, lzcnt, ht, tsc, tscinvbit, bmi1, bmi2, adx, fma

Memory: 4k page, physical 8280996k(2636572k free), swap 14048164k(6510700k free)

vm_info: Java HotSpot(TM) 64-Bit Server VM (9+181) for windows-amd64 JRE (9+181), built on Aug  2 2017 21:30:51 by "javare" with MS VC++ 12.0 (VS2013)

END.
