#
# A fatal error has been detected by the Java Runtime Environment:
#
#  EXCEPTION_ACCESS_VIOLATION (0xc0000005) at pc=0x0000000180005b00, pid=12152, tid=13424
#
# JRE version: Java(TM) SE Runtime Environment (9.0+181) (build 9+181)
# Java VM: Java HotSpot(TM) 64-Bit Server VM (9+181, mixed mode, tiered, compressed oops, g1 gc, windows-amd64)
# Problematic frame:
# C  [rxtxSerial.dll+0x5b00]
#
# No core dump will be written. Minidumps are not enabled by default on client versions of Windows
#
# If you would like to submit a bug report, please visit:
#   http://bugreport.java.com/bugreport/crash.jsp
# The crash happened outside the Java Virtual Machine in native code.
# See problematic frame for where to report the bug.
#

---------------  S U M M A R Y ------------

Command Line: -Dfile.encoding=UTF-8 --module-path=C:\Users\jarde\OneDrive\Documentos\GitHub\Archery_Simulator\Hardware\Comunicação Bluetooth\RXTX Java\Java read arduino sensors\JavaReadArduinoSensors\build\classes view.ViewSensors

Host: Intel(R) Core(TM) i7-5500U CPU @ 2.40GHz, 4 cores, 7G,  Windows 10 , 64 bit Build 16299 (10.0.16299.15)
Time: Mon Feb 19 20:47:13 2018 Hora Padrão de Buenos Aires elapsed time: 3 seconds (0d 0h 0m 3s)

---------------  T H R E A D  ---------------

Current thread (0x000002726debd800):  JavaThread "Thread-1" [_thread_in_native, id=13424, stack(0x000000efffd00000,0x000000efffe00000)]

Stack: [0x000000efffd00000,0x000000efffe00000],  sp=0x000000efffdfe2d0,  free space=1016k
Native frames: (J=compiled Java code, j=interpreted, Vv=VM code, C=native code)
C  [rxtxSerial.dll+0x5b00]
C  [rxtxSerial.dll+0x6211]
C  0x0000027255dd921c

Java frames: (J=compiled Java code, j=interpreted, Vv=VM code)
j  gnu.io.RXTXPort.readArray([BII)I+0
j  gnu.io.RXTXPort$SerialInputStream.read([BII)I+212
j  sun.nio.cs.StreamDecoder.readBytes()I+135 java.base@9
j  sun.nio.cs.StreamDecoder.implRead([CII)I+112 java.base@9
j  sun.nio.cs.StreamDecoder.read([CII)I+180 java.base@9
j  java.io.InputStreamReader.read([CII)I+7 java.base@9
j  java.io.BufferedReader.fill()V+145 java.base@9
j  java.io.BufferedReader.readLine(Z)Ljava/lang/String;+44 java.base@9
j  java.io.BufferedReader.readLine()Ljava/lang/String;+2 java.base@9
j  util.ArduinoSerial.serialEvent(Lgnu/io/SerialPortEvent;)V+13
j  gnu.io.RXTXPort.sendEvent(IZ)Z+382
v  ~StubRoutines::call_stub
j  gnu.io.RXTXPort.eventLoop()V+0
j  gnu.io.RXTXPort$MonitorThread.run()V+12
v  ~StubRoutines::call_stub

siginfo: EXCEPTION_ACCESS_VIOLATION (0xc0000005), reading address 0xffffffffffdff0d8


Register to memory mapping:

RIP=0x0000000180005b00 rxtxSerial.dll
RAX=0x0000000000000001 is an unknown value
RBX=0x0000000000000000 is an unknown value
RCX=0x000000018001d4d5 rxtxSerial.dll
RDX=0xfffffffffffff665 is an unknown value
RSP=0x000000efffdfe2d0 is pointing into the stack for thread: 0x000002726debd800
RBP=
[error occurred during error reporting (printing register info), id 0xc0000005]

Registers:
RAX=0x0000000000000001, RBX=0x0000000000000000, RCX=0x000000018001d4d5, RDX=0xfffffffffffff665
RSP=0x000000efffdfe2d0, RBP=0x00000000ffffffff, RSI=0x0000000000000000, RDI=0x000002726debda18
R8 =0x0000000000000002, R9 =0xfffffffffffff63c, R10=0x0000000000000008, R11=0x8101010101010100
R12=0xffffffffffdff0d0, R13=0x000000000000012a, R14=0x000000efffdfe4b8, R15=0x0000000000000000
RIP=0x0000000180005b00, EFLAGS=0x0000000000010202

Top of Stack: (sp=0x000000efffdfe2d0)
0x000000efffdfe2d0:   0000000000000000 0000000000000000
0x000000efffdfe2e0:   000000efffdfe4c0 0000000000000000
0x000000efffdfe2f0:   0000000000000000 000000efffdfe4b8
0x000000efffdfe300:   000002726fe7fde0 0000000000000001
0x000000efffdfe310:   000002726debda18 000000000000012a
0x000000efffdfe320:   ffffffffffffffff 0000000180006211
0x000000efffdfe330:   000002726f434530 000000000000012a
0x000000efffdfe340:   0000000000000001 000002726f434530
0x000000efffdfe350:   000000000000012a 00000000ffffffff
0x000000efffdfe360:   000000efffdfe4c0 000002726fe7fde8
0x000000efffdfe370:   000002726debd800 000002726d97a0b0
0x000000efffdfe380:   000002726dc24530 0000000061c68ff0
0x000000efffdfe390:   000000efffdfed48 000002726fe7fde8
0x000000efffdfe3a0:   0000027255dc8910 0000a930e74bcb05
0x000000efffdfe3b0:   000002726fe7fde8 000002726fe7fde0
0x000000efffdfe3c0:   000002726debd800 000000efffdfe4c0 

Instructions: (pc=0x0000000180005b00)
0x0000000180005ae0:   15 23 7a 01 00 48 8d 48 60 e8 3a 5d 00 00 4c 8b
0x0000000180005af0:   e5 8b ac 24 88 00 00 00 44 8b ac 24 80 00 00 00
0x0000000180005b00:   45 8b 74 24 08 41 89 5c 24 08 41 8b fd 85 ed 78
0x0000000180005b10:   09 ff 15 e9 14 01 00 44 8b f8 45 85 ed 7e 4a 90 



---------------  P R O C E S S  ---------------

Java Threads: ( => current thread )
=>0x000002726debd800 JavaThread "Thread-1" [_thread_in_native, id=13424, stack(0x000000efffd00000,0x000000efffe00000)]
  0x000002726ec5d000 JavaThread "Thread-0" [_thread_in_Java, id=13396, stack(0x000000efffc00000,0x000000efffd00000)]
  0x0000027249d1f800 JavaThread "DestroyJavaVM" [_thread_blocked, id=12008, stack(0x000000effdf00000,0x000000effe000000)]
  0x000002726ec18800 JavaThread "AWT-EventQueue-0" [_thread_in_Java, id=13388, stack(0x000000efffb00000,0x000000efffc00000)]
  0x000002726d936800 JavaThread "AWT-Windows" daemon [_thread_in_native, id=13376, stack(0x000000efffa00000,0x000000efffb00000)]
  0x000002726d95a800 JavaThread "AWT-Shutdown" [_thread_blocked, id=13372, stack(0x000000efff900000,0x000000efffa00000)]
  0x000002726d63f000 JavaThread "Java2D Disposer" daemon [_thread_blocked, id=13368, stack(0x000000efff800000,0x000000efff900000)]
  0x000002726d64b000 JavaThread "Service Thread" daemon [_thread_blocked, id=13360, stack(0x000000efff600000,0x000000efff700000)]
  0x000002726d2d4800 JavaThread "Common-Cleaner" daemon [_thread_blocked, id=13356, stack(0x000000efff500000,0x000000efff600000)]
  0x000002726d275000 JavaThread "Sweeper thread" daemon [_thread_blocked, id=13352, stack(0x000000efff400000,0x000000efff500000)]
  0x000002726d23c000 JavaThread "C1 CompilerThread2" daemon [_thread_blocked, id=13348, stack(0x000000efff300000,0x000000efff400000)]
  0x000002726d230000 JavaThread "C2 CompilerThread1" daemon [_thread_blocked, id=13344, stack(0x000000efff200000,0x000000efff300000)]
  0x000002726d223800 JavaThread "C2 CompilerThread0" daemon [_thread_in_native, id=13340, stack(0x000000efff100000,0x000000efff200000)]
  0x000002726d21f800 JavaThread "Attach Listener" daemon [_thread_blocked, id=13336, stack(0x000000efff000000,0x000000efff100000)]
  0x000002726d21e800 JavaThread "Signal Dispatcher" daemon [_thread_blocked, id=13332, stack(0x000000effef00000,0x000000efff000000)]
  0x000002726d1c8000 JavaThread "Finalizer" daemon [_thread_blocked, id=13324, stack(0x000000effed00000,0x000000effee00000)]
  0x000002726d1bd000 JavaThread "Reference Handler" daemon [_thread_blocked, id=13320, stack(0x000000effec00000,0x000000effed00000)]

Other Threads:
  0x000002726d1b3800 VMThread "VM Thread" [stack: 0x000000effeb00000,0x000000effec00000] [id=13316]
  0x000002726d663800 WatcherThread [stack: 0x000000efff700000,0x000000efff800000] [id=13364]
  0x0000027249d36800 GCTaskThread "GC Thread#0" [stack: 0x000000effe000000,0x000000effe100000] [id=9392]
  0x0000027249d38000 GCTaskThread "GC Thread#1" [stack: 0x000000effe100000,0x000000effe200000] [id=1824]
  0x0000027249d39800 GCTaskThread "GC Thread#2" [stack: 0x000000effe200000,0x000000effe300000] [id=2164]
  0x0000027249d3d000 GCTaskThread "GC Thread#3" [stack: 0x000000effe300000,0x000000effe400000] [id=13036]
  0x0000027249db8000 ConcurrentGCThread "G1 Main Marker" [stack: 0x000000effe900000,0x000000effea00000] [id=324]
  0x0000027249db9000 ConcurrentGCThread "G1 Marker#0" [stack: 0x000000effea00000,0x000000effeb00000] [id=6104]
  0x0000027249d51000 ConcurrentGCThread "G1 Refine#0" [stack: 0x000000effe700000,0x000000effe800000] [id=8172]
  0x0000027249d4f800 ConcurrentGCThread "G1 Refine#1" [stack: 0x000000effe600000,0x000000effe700000] [id=4456]
  0x0000027249d4f000 ConcurrentGCThread "G1 Refine#2" [stack: 0x000000effe500000,0x000000effe600000] [id=3796]
  0x0000027249d44000 ConcurrentGCThread "G1 Refine#3" [stack: 0x000000effe400000,0x000000effe500000] [id=11544]
  0x0000027249d52000 ConcurrentGCThread "G1 Young RemSet Sampling" [stack: 0x000000effe800000,0x000000effe900000] [id=2724]

Threads with active compile tasks:
C2 CompilerThread01472       4       javax.swing.GroupLayout$Group::calculateSize (107 bytes)

VM state:not at safepoint (normal execution)

VM Mutex/Monitor currently owned by a thread: None

Heap address: 0x0000000081a00000, size: 2022 MB, Compressed Oops mode: 32-bit
Narrow klass base: 0x0000000000000000, Narrow klass shift: 3
Compressed class space size: 1073741824 Address: 0x0000000100000000

Heap:
 garbage-first heap   total 131072K, used 10839K [0x0000000081a00000, 0x0000000081b00400, 0x0000000100000000)
  region size 1024K, 10 young (10240K), 2 survivors (2048K)
 Metaspace       used 15389K, capacity 16264K, committed 16512K, reserved 1064960K
  class space    used 1689K, capacity 1893K, committed 1920K, reserved 1048576K
Heap Regions: E=young(eden), S=young(survivor), O=old, HS=humongous(starts), HC=humongous(continues), CS=collection set, F=free, A=archive, TS=gc time stamp, AC=allocation context, TAMS=top-at-mark-start (previous, next)
|   0|0x0000000081a00000, 0x0000000081b00000, 0x0000000081b00000|100%| O|  |TS  1|AC  0|TAMS 0x0000000081a00000, 0x0000000081a00000|
|   1|0x0000000081b00000, 0x0000000081b95c00, 0x0000000081c00000| 58%| O|  |TS  1|AC  0|TAMS 0x0000000081b00000, 0x0000000081b00000|
|   2|0x0000000081c00000, 0x0000000081c00000, 0x0000000081d00000|  0%| F|  |TS  0|AC  0|TAMS 0x0000000081c00000, 0x0000000081c00000|
|   3|0x0000000081d00000, 0x0000000081d00000, 0x0000000081e00000|  0%| F|  |TS  0|AC  0|TAMS 0x0000000081d00000, 0x0000000081d00000|
|   4|0x0000000081e00000, 0x0000000081e00000, 0x0000000081f00000|  0%| F|  |TS  0|AC  0|TAMS 0x0000000081e00000, 0x0000000081e00000|
|   5|0x0000000081f00000, 0x0000000081f00000, 0x0000000082000000|  0%| F|  |TS  0|AC  0|TAMS 0x0000000081f00000, 0x0000000081f00000|
|   6|0x0000000082000000, 0x0000000082000000, 0x0000000082100000|  0%| F|  |TS  0|AC  0|TAMS 0x0000000082000000, 0x0000000082000000|
|   7|0x0000000082100000, 0x0000000082100000, 0x0000000082200000|  0%| F|  |TS  0|AC  0|TAMS 0x0000000082100000, 0x0000000082100000|
|   8|0x0000000082200000, 0x0000000082200000, 0x0000000082300000|  0%| F|  |TS  0|AC  0|TAMS 0x0000000082200000, 0x0000000082200000|
|   9|0x0000000082300000, 0x0000000082300000, 0x0000000082400000|  0%| F|  |TS  0|AC  0|TAMS 0x0000000082300000, 0x0000000082300000|
|  10|0x0000000082400000, 0x0000000082400000, 0x0000000082500000|  0%| F|  |TS  0|AC  0|TAMS 0x0000000082400000, 0x0000000082400000|
|  11|0x0000000082500000, 0x0000000082500000, 0x0000000082600000|  0%| F|  |TS  0|AC  0|TAMS 0x0000000082500000, 0x0000000082500000|
|  12|0x0000000082600000, 0x0000000082600000, 0x0000000082700000|  0%| F|  |TS  0|AC  0|TAMS 0x0000000082600000, 0x0000000082600000|
|  13|0x0000000082700000, 0x0000000082700000, 0x0000000082800000|  0%| F|  |TS  0|AC  0|TAMS 0x0000000082700000, 0x0000000082700000|
|  14|0x0000000082800000, 0x0000000082800000, 0x0000000082900000|  0%| F|  |TS  0|AC  0|TAMS 0x0000000082800000, 0x0000000082800000|
|  15|0x0000000082900000, 0x0000000082900000, 0x0000000082a00000|  0%| F|  |TS  0|AC  0|TAMS 0x0000000082900000, 0x0000000082900000|
|  16|0x0000000082a00000, 0x0000000082a00000, 0x0000000082b00000|  0%| F|  |TS  0|AC  0|TAMS 0x0000000082a00000, 0x0000000082a00000|
|  17|0x0000000082b00000, 0x0000000082b00000, 0x0000000082c00000|  0%| F|  |TS  0|AC  0|TAMS 0x0000000082b00000, 0x0000000082b00000|
|  18|0x0000000082c00000, 0x0000000082c00000, 0x0000000082d00000|  0%| F|  |TS  0|AC  0|TAMS 0x0000000082c00000, 0x0000000082c00000|
|  19|0x0000000082d00000, 0x0000000082d00000, 0x0000000082e00000|  0%| F|  |TS  0|AC  0|TAMS 0x0000000082d00000, 0x0000000082d00000|
|  20|0x0000000082e00000, 0x0000000082e00000, 0x0000000082f00000|  0%| F|  |TS  0|AC  0|TAMS 0x0000000082e00000, 0x0000000082e00000|
|  21|0x0000000082f00000, 0x0000000082f00000, 0x0000000083000000|  0%| F|  |TS  0|AC  0|TAMS 0x0000000082f00000, 0x0000000082f00000|
|  22|0x0000000083000000, 0x0000000083000000, 0x0000000083100000|  0%| F|  |TS  0|AC  0|TAMS 0x0000000083000000, 0x0000000083000000|
|  23|0x0000000083100000, 0x0000000083100000, 0x0000000083200000|  0%| F|  |TS  0|AC  0|TAMS 0x0000000083100000, 0x0000000083100000|
|  24|0x0000000083200000, 0x0000000083200000, 0x0000000083300000|  0%| F|  |TS  0|AC  0|TAMS 0x0000000083200000, 0x0000000083200000|
|  25|0x0000000083300000, 0x0000000083300000, 0x0000000083400000|  0%| F|  |TS  0|AC  0|TAMS 0x0000000083300000, 0x0000000083300000|
|  26|0x0000000083400000, 0x0000000083400000, 0x0000000083500000|  0%| F|  |TS  0|AC  0|TAMS 0x0000000083400000, 0x0000000083400000|
|  27|0x0000000083500000, 0x0000000083500000, 0x0000000083600000|  0%| F|  |TS  0|AC  0|TAMS 0x0000000083500000, 0x0000000083500000|
|  28|0x0000000083600000, 0x0000000083600000, 0x0000000083700000|  0%| F|  |TS  0|AC  0|TAMS 0x0000000083600000, 0x0000000083600000|
|  29|0x0000000083700000, 0x0000000083700000, 0x0000000083800000|  0%| F|  |TS  0|AC  0|TAMS 0x0000000083700000, 0x0000000083700000|
|  30|0x0000000083800000, 0x0000000083800000, 0x0000000083900000|  0%| F|  |TS  0|AC  0|TAMS 0x0000000083800000, 0x0000000083800000|
|  31|0x0000000083900000, 0x0000000083900000, 0x0000000083a00000|  0%| F|  |TS  0|AC  0|TAMS 0x0000000083900000, 0x0000000083900000|
|  32|0x0000000083a00000, 0x0000000083a00000, 0x0000000083b00000|  0%| F|  |TS  0|AC  0|TAMS 0x0000000083a00000, 0x0000000083a00000|
|  33|0x0000000083b00000, 0x0000000083b00000, 0x0000000083c00000|  0%| F|  |TS  0|AC  0|TAMS 0x0000000083b00000, 0x0000000083b00000|
|  34|0x0000000083c00000, 0x0000000083c00000, 0x0000000083d00000|  0%| F|  |TS  0|AC  0|TAMS 0x0000000083c00000, 0x0000000083c00000|
|  35|0x0000000083d00000, 0x0000000083d00000, 0x0000000083e00000|  0%| F|  |TS  0|AC  0|TAMS 0x0000000083d00000, 0x0000000083d00000|
|  36|0x0000000083e00000, 0x0000000083e00000, 0x0000000083f00000|  0%| F|  |TS  0|AC  0|TAMS 0x0000000083e00000, 0x0000000083e00000|
|  37|0x0000000083f00000, 0x0000000083f00000, 0x0000000084000000|  0%| F|  |TS  0|AC  0|TAMS 0x0000000083f00000, 0x0000000083f00000|
|  38|0x0000000084000000, 0x0000000084000000, 0x0000000084100000|  0%| F|  |TS  0|AC  0|TAMS 0x0000000084000000, 0x0000000084000000|
|  39|0x0000000084100000, 0x0000000084100000, 0x0000000084200000|  0%| F|  |TS  0|AC  0|TAMS 0x0000000084100000, 0x0000000084100000|
|  40|0x0000000084200000, 0x0000000084200000, 0x0000000084300000|  0%| F|  |TS  0|AC  0|TAMS 0x0000000084200000, 0x0000000084200000|
|  41|0x0000000084300000, 0x0000000084300000, 0x0000000084400000|  0%| F|  |TS  0|AC  0|TAMS 0x0000000084300000, 0x0000000084300000|
|  42|0x0000000084400000, 0x0000000084400000, 0x0000000084500000|  0%| F|  |TS  0|AC  0|TAMS 0x0000000084400000, 0x0000000084400000|
|  43|0x0000000084500000, 0x0000000084500000, 0x0000000084600000|  0%| F|  |TS  0|AC  0|TAMS 0x0000000084500000, 0x0000000084500000|
|  44|0x0000000084600000, 0x0000000084600000, 0x0000000084700000|  0%| F|  |TS  0|AC  0|TAMS 0x0000000084600000, 0x0000000084600000|
|  45|0x0000000084700000, 0x0000000084700000, 0x0000000084800000|  0%| F|  |TS  0|AC  0|TAMS 0x0000000084700000, 0x0000000084700000|
|  46|0x0000000084800000, 0x0000000084800000, 0x0000000084900000|  0%| F|  |TS  0|AC  0|TAMS 0x0000000084800000, 0x0000000084800000|
|  47|0x0000000084900000, 0x0000000084900000, 0x0000000084a00000|  0%| F|  |TS  0|AC  0|TAMS 0x0000000084900000, 0x0000000084900000|
|  48|0x0000000084a00000, 0x0000000084a00000, 0x0000000084b00000|  0%| F|  |TS  0|AC  0|TAMS 0x0000000084a00000, 0x0000000084a00000|
|  49|0x0000000084b00000, 0x0000000084b00000, 0x0000000084c00000|  0%| F|  |TS  0|AC  0|TAMS 0x0000000084b00000, 0x0000000084b00000|
|  50|0x0000000084c00000, 0x0000000084c00000, 0x0000000084d00000|  0%| F|  |TS  0|AC  0|TAMS 0x0000000084c00000, 0x0000000084c00000|
|  51|0x0000000084d00000, 0x0000000084d00000, 0x0000000084e00000|  0%| F|  |TS  0|AC  0|TAMS 0x0000000084d00000, 0x0000000084d00000|
|  52|0x0000000084e00000, 0x0000000084e00000, 0x0000000084f00000|  0%| F|  |TS  0|AC  0|TAMS 0x0000000084e00000, 0x0000000084e00000|
|  53|0x0000000084f00000, 0x0000000084f00000, 0x0000000085000000|  0%| F|  |TS  0|AC  0|TAMS 0x0000000084f00000, 0x0000000084f00000|
|  54|0x0000000085000000, 0x0000000085000000, 0x0000000085100000|  0%| F|  |TS  0|AC  0|TAMS 0x0000000085000000, 0x0000000085000000|
|  55|0x0000000085100000, 0x0000000085100000, 0x0000000085200000|  0%| F|  |TS  0|AC  0|TAMS 0x0000000085100000, 0x0000000085100000|
|  56|0x0000000085200000, 0x0000000085200000, 0x0000000085300000|  0%| F|  |TS  0|AC  0|TAMS 0x0000000085200000, 0x0000000085200000|
|  57|0x0000000085300000, 0x0000000085300000, 0x0000000085400000|  0%| F|  |TS  0|AC  0|TAMS 0x0000000085300000, 0x0000000085300000|
|  58|0x0000000085400000, 0x0000000085400000, 0x0000000085500000|  0%| F|  |TS  0|AC  0|TAMS 0x0000000085400000, 0x0000000085400000|
|  59|0x0000000085500000, 0x0000000085500000, 0x0000000085600000|  0%| F|  |TS  0|AC  0|TAMS 0x0000000085500000, 0x0000000085500000|
|  60|0x0000000085600000, 0x0000000085600000, 0x0000000085700000|  0%| F|  |TS  0|AC  0|TAMS 0x0000000085600000, 0x0000000085600000|
|  61|0x0000000085700000, 0x0000000085700000, 0x0000000085800000|  0%| F|  |TS  0|AC  0|TAMS 0x0000000085700000, 0x0000000085700000|
|  62|0x0000000085800000, 0x0000000085800000, 0x0000000085900000|  0%| F|  |TS  0|AC  0|TAMS 0x0000000085800000, 0x0000000085800000|
|  63|0x0000000085900000, 0x0000000085900000, 0x0000000085a00000|  0%| F|  |TS  0|AC  0|TAMS 0x0000000085900000, 0x0000000085900000|
|  64|0x0000000085a00000, 0x0000000085a00000, 0x0000000085b00000|  0%| F|  |TS  0|AC  0|TAMS 0x0000000085a00000, 0x0000000085a00000|
|  65|0x0000000085b00000, 0x0000000085b00000, 0x0000000085c00000|  0%| F|  |TS  0|AC  0|TAMS 0x0000000085b00000, 0x0000000085b00000|
|  66|0x0000000085c00000, 0x0000000085c00000, 0x0000000085d00000|  0%| F|  |TS  0|AC  0|TAMS 0x0000000085c00000, 0x0000000085c00000|
|  67|0x0000000085d00000, 0x0000000085d00000, 0x0000000085e00000|  0%| F|  |TS  0|AC  0|TAMS 0x0000000085d00000, 0x0000000085d00000|
|  68|0x0000000085e00000, 0x0000000085e00000, 0x0000000085f00000|  0%| F|  |TS  0|AC  0|TAMS 0x0000000085e00000, 0x0000000085e00000|
|  69|0x0000000085f00000, 0x0000000085f00000, 0x0000000086000000|  0%| F|  |TS  0|AC  0|TAMS 0x0000000085f00000, 0x0000000085f00000|
|  70|0x0000000086000000, 0x0000000086000000, 0x0000000086100000|  0%| F|  |TS  0|AC  0|TAMS 0x0000000086000000, 0x0000000086000000|
|  71|0x0000000086100000, 0x0000000086100000, 0x0000000086200000|  0%| F|  |TS  0|AC  0|TAMS 0x0000000086100000, 0x0000000086100000|
|  72|0x0000000086200000, 0x0000000086200000, 0x0000000086300000|  0%| F|  |TS  0|AC  0|TAMS 0x0000000086200000, 0x0000000086200000|
|  73|0x0000000086300000, 0x0000000086300000, 0x0000000086400000|  0%| F|  |TS  0|AC  0|TAMS 0x0000000086300000, 0x0000000086300000|
|  74|0x0000000086400000, 0x0000000086400000, 0x0000000086500000|  0%| F|  |TS  0|AC  0|TAMS 0x0000000086400000, 0x0000000086400000|
|  75|0x0000000086500000, 0x0000000086500000, 0x0000000086600000|  0%| F|  |TS  0|AC  0|TAMS 0x0000000086500000, 0x0000000086500000|
|  76|0x0000000086600000, 0x0000000086600000, 0x0000000086700000|  0%| F|  |TS  0|AC  0|TAMS 0x0000000086600000, 0x0000000086600000|
|  77|0x0000000086700000, 0x0000000086700000, 0x0000000086800000|  0%| F|  |TS  0|AC  0|TAMS 0x0000000086700000, 0x0000000086700000|
|  78|0x0000000086800000, 0x0000000086800000, 0x0000000086900000|  0%| F|  |TS  0|AC  0|TAMS 0x0000000086800000, 0x0000000086800000|
|  79|0x0000000086900000, 0x0000000086900000, 0x0000000086a00000|  0%| F|  |TS  0|AC  0|TAMS 0x0000000086900000, 0x0000000086900000|
|  80|0x0000000086a00000, 0x0000000086a00000, 0x0000000086b00000|  0%| F|  |TS  0|AC  0|TAMS 0x0000000086a00000, 0x0000000086a00000|
|  81|0x0000000086b00000, 0x0000000086b00000, 0x0000000086c00000|  0%| F|  |TS  0|AC  0|TAMS 0x0000000086b00000, 0x0000000086b00000|
|  82|0x0000000086c00000, 0x0000000086c00000, 0x0000000086d00000|  0%| F|  |TS  0|AC  0|TAMS 0x0000000086c00000, 0x0000000086c00000|
|  83|0x0000000086d00000, 0x0000000086d00000, 0x0000000086e00000|  0%| F|  |TS  0|AC  0|TAMS 0x0000000086d00000, 0x0000000086d00000|
|  84|0x0000000086e00000, 0x0000000086e00000, 0x0000000086f00000|  0%| F|  |TS  0|AC  0|TAMS 0x0000000086e00000, 0x0000000086e00000|
|  85|0x0000000086f00000, 0x0000000086f00000, 0x0000000087000000|  0%| F|  |TS  0|AC  0|TAMS 0x0000000086f00000, 0x0000000086f00000|
|  86|0x0000000087000000, 0x0000000087000000, 0x0000000087100000|  0%| F|  |TS  0|AC  0|TAMS 0x0000000087000000, 0x0000000087000000|
|  87|0x0000000087100000, 0x0000000087100000, 0x0000000087200000|  0%| F|  |TS  0|AC  0|TAMS 0x0000000087100000, 0x0000000087100000|
|  88|0x0000000087200000, 0x0000000087200000, 0x0000000087300000|  0%| F|  |TS  0|AC  0|TAMS 0x0000000087200000, 0x0000000087200000|
|  89|0x0000000087300000, 0x0000000087300000, 0x0000000087400000|  0%| F|  |TS  0|AC  0|TAMS 0x0000000087300000, 0x0000000087300000|
|  90|0x0000000087400000, 0x0000000087400000, 0x0000000087500000|  0%| F|  |TS  0|AC  0|TAMS 0x0000000087400000, 0x0000000087400000|
|  91|0x0000000087500000, 0x0000000087500000, 0x0000000087600000|  0%| F|  |TS  0|AC  0|TAMS 0x0000000087500000, 0x0000000087500000|
|  92|0x0000000087600000, 0x0000000087600000, 0x0000000087700000|  0%| F|  |TS  0|AC  0|TAMS 0x0000000087600000, 0x0000000087600000|
|  93|0x0000000087700000, 0x0000000087700000, 0x0000000087800000|  0%| F|  |TS  0|AC  0|TAMS 0x0000000087700000, 0x0000000087700000|
|  94|0x0000000087800000, 0x0000000087800000, 0x0000000087900000|  0%| F|  |TS  0|AC  0|TAMS 0x0000000087800000, 0x0000000087800000|
|  95|0x0000000087900000, 0x0000000087900000, 0x0000000087a00000|  0%| F|  |TS  0|AC  0|TAMS 0x0000000087900000, 0x0000000087900000|
|  96|0x0000000087a00000, 0x0000000087a00000, 0x0000000087b00000|  0%| F|  |TS  0|AC  0|TAMS 0x0000000087a00000, 0x0000000087a00000|
|  97|0x0000000087b00000, 0x0000000087b00000, 0x0000000087c00000|  0%| F|  |TS  0|AC  0|TAMS 0x0000000087b00000, 0x0000000087b00000|
|  98|0x0000000087c00000, 0x0000000087c00000, 0x0000000087d00000|  0%| F|  |TS  0|AC  0|TAMS 0x0000000087c00000, 0x0000000087c00000|
|  99|0x0000000087d00000, 0x0000000087d00000, 0x0000000087e00000|  0%| F|  |TS  0|AC  0|TAMS 0x0000000087d00000, 0x0000000087d00000|
| 100|0x0000000087e00000, 0x0000000087e00000, 0x0000000087f00000|  0%| F|  |TS  0|AC  0|TAMS 0x0000000087e00000, 0x0000000087e00000|
| 101|0x0000000087f00000, 0x0000000087f00000, 0x0000000088000000|  0%| F|  |TS  0|AC  0|TAMS 0x0000000087f00000, 0x0000000087f00000|
| 102|0x0000000088000000, 0x0000000088000000, 0x0000000088100000|  0%| F|  |TS  0|AC  0|TAMS 0x0000000088000000, 0x0000000088000000|
| 103|0x0000000088100000, 0x0000000088100000, 0x0000000088200000|  0%| F|  |TS  0|AC  0|TAMS 0x0000000088100000, 0x0000000088100000|
| 104|0x0000000088200000, 0x0000000088200000, 0x0000000088300000|  0%| F|  |TS  0|AC  0|TAMS 0x0000000088200000, 0x0000000088200000|
| 105|0x0000000088300000, 0x0000000088300000, 0x0000000088400000|  0%| F|  |TS  0|AC  0|TAMS 0x0000000088300000, 0x0000000088300000|
| 106|0x0000000088400000, 0x0000000088400000, 0x0000000088500000|  0%| F|  |TS  0|AC  0|TAMS 0x0000000088400000, 0x0000000088400000|
| 107|0x0000000088500000, 0x0000000088500000, 0x0000000088600000|  0%| F|  |TS  0|AC  0|TAMS 0x0000000088500000, 0x0000000088500000|
| 108|0x0000000088600000, 0x0000000088600000, 0x0000000088700000|  0%| F|  |TS  0|AC  0|TAMS 0x0000000088600000, 0x0000000088600000|
| 109|0x0000000088700000, 0x0000000088700000, 0x0000000088800000|  0%| F|  |TS  0|AC  0|TAMS 0x0000000088700000, 0x0000000088700000|
| 110|0x0000000088800000, 0x0000000088800000, 0x0000000088900000|  0%| F|  |TS  0|AC  0|TAMS 0x0000000088800000, 0x0000000088800000|
| 111|0x0000000088900000, 0x0000000088900000, 0x0000000088a00000|  0%| F|  |TS  0|AC  0|TAMS 0x0000000088900000, 0x0000000088900000|
| 112|0x0000000088a00000, 0x0000000088b00000, 0x0000000088b00000|100%| S|CS|TS  1|AC  0|TAMS 0x0000000088a00000, 0x0000000088a00000|
| 113|0x0000000088b00000, 0x0000000088c00000, 0x0000000088c00000|100%| S|CS|TS  1|AC  0|TAMS 0x0000000088b00000, 0x0000000088b00000|
| 114|0x0000000088c00000, 0x0000000088c00000, 0x0000000088d00000|  0%| F|  |TS  1|AC  0|TAMS 0x0000000088c00000, 0x0000000088c00000|
| 115|0x0000000088d00000, 0x0000000088d00000, 0x0000000088e00000|  0%| F|  |TS  1|AC  0|TAMS 0x0000000088d00000, 0x0000000088d00000|
| 116|0x0000000088e00000, 0x0000000088e00000, 0x0000000088f00000|  0%| F|  |TS  1|AC  0|TAMS 0x0000000088e00000, 0x0000000088e00000|
| 117|0x0000000088f00000, 0x0000000088f00000, 0x0000000089000000|  0%| F|  |TS  1|AC  0|TAMS 0x0000000088f00000, 0x0000000088f00000|
| 118|0x0000000089000000, 0x0000000089000000, 0x0000000089100000|  0%| F|  |TS  1|AC  0|TAMS 0x0000000089000000, 0x0000000089000000|
| 119|0x0000000089100000, 0x0000000089100000, 0x0000000089200000|  0%| F|  |TS  1|AC  0|TAMS 0x0000000089100000, 0x0000000089100000|
| 120|0x0000000089200000, 0x0000000089300000, 0x0000000089300000|100%| E|  |TS  1|AC  0|TAMS 0x0000000089200000, 0x0000000089200000|
| 121|0x0000000089300000, 0x0000000089400000, 0x0000000089400000|100%| E|CS|TS  1|AC  0|TAMS 0x0000000089300000, 0x0000000089300000|
| 122|0x0000000089400000, 0x0000000089500000, 0x0000000089500000|100%| E|CS|TS  1|AC  0|TAMS 0x0000000089400000, 0x0000000089400000|
| 123|0x0000000089500000, 0x0000000089600000, 0x0000000089600000|100%| E|CS|TS  1|AC  0|TAMS 0x0000000089500000, 0x0000000089500000|
| 124|0x0000000089600000, 0x0000000089700000, 0x0000000089700000|100%| E|CS|TS  1|AC  0|TAMS 0x0000000089600000, 0x0000000089600000|
| 125|0x0000000089700000, 0x0000000089800000, 0x0000000089800000|100%| E|CS|TS  1|AC  0|TAMS 0x0000000089700000, 0x0000000089700000|
| 126|0x0000000089800000, 0x0000000089900000, 0x0000000089900000|100%| E|CS|TS  1|AC  0|TAMS 0x0000000089800000, 0x0000000089800000|
| 127|0x0000000089900000, 0x0000000089a00000, 0x0000000089a00000|100%| E|CS|TS  1|AC  0|TAMS 0x0000000089900000, 0x0000000089900000|

Card table byte_map: [0x0000027265be0000,0x0000027265fe0000] byte_map_base: 0x00000272657d3000

Marking Bits (Prev, Next): (CMBitMap*) 0x0000027249db7330, (CMBitMap*) 0x0000027249db7368
 Prev Bits: [0x00000272663e0000, 0x0000027268378000)
 Next Bits: [0x0000027268380000, 0x000002726a318000)

Polling page: 0x0000027247bb0000

CodeHeap 'non-profiled nmethods': size=120064Kb used=582Kb max_used=582Kb free=119481Kb
 bounds [0x000002725d880000, 0x000002725daf0000, 0x0000027264dc0000]
CodeHeap 'profiled nmethods': size=120000Kb used=2812Kb max_used=2812Kb free=117187Kb
 bounds [0x0000027256350000, 0x0000027256610000, 0x000002725d880000]
CodeHeap 'non-nmethods': size=5696Kb used=1342Kb max_used=1359Kb free=4353Kb
 bounds [0x0000027255dc0000, 0x0000027256030000, 0x0000027256350000]
 total_blobs=2341 nmethods=1477 adapters=474
 compilation: enabled

Compilation events (10 events):
Event: 3.719 Thread 0x000002726d23c000 1330       3       java.awt.EventQueue$3::<init> (20 bytes)
Event: 3.719 Thread 0x000002726d23c000 nmethod 1330 0x00000272565a7c10 code [0x00000272565a7dc0, 0x00000272565a8098]
Event: 3.719 Thread 0x000002726d23c000 1331       3       java.awt.EventQueue::getAccessControlContextFrom (53 bytes)
Event: 3.720 Thread 0x000002726d230000 nmethod 1335 0x000002725d90ab10 code [0x000002725d90aca0, 0x000002725d90ad48]
Event: 3.720 Thread 0x000002726d23c000 nmethod 1331 0x00000272565a8190 code [0x00000272565a83c0, 0x00000272565a8e90]
Event: 3.720 Thread 0x000002726d23c000 1336       3       java.awt.EventQueue::noEvents (29 bytes)
Event: 3.720 Thread 0x000002726d23c000 nmethod 1336 0x00000272565a9090 code [0x00000272565a9240, 0x00000272565a94b8]
Event: 3.720 Thread 0x000002726d23c000 1332       3       java.awt.AWTEvent::getAccessControlContext (22 bytes)
Event: 3.720 Thread 0x000002726d23c000 nmethod 1332 0x00000272565a9610 code [0x00000272565a97e0, 0x00000272565a9a10]
Event: 3.720 Thread 0x000002726d23c000 1333       3       java.awt.EventQueue$3::run (5 bytes)

GC Heap History (0 events):
No events

Deoptimization events (10 events):
Event: 0.264 Thread 0x0000027249d1f800 Uncommon trap: reason=unstable_if action=reinterpret pc=0x000002725d885698 method=java.lang.String.charAt(I)C @ 4 c2
Event: 0.501 Thread 0x0000027249d1f800 Uncommon trap: reason=unstable_if action=reinterpret pc=0x000002725d89157c method=java.util.HashMap.putVal(ILjava/lang/Object;Ljava/lang/Object;ZZ)Ljava/lang/Object; @ 81 c2
Event: 0.718 Thread 0x0000027249d1f800 Uncommon trap: reason=class_check action=maybe_recompile pc=0x000002725d8bb5f8 method=java.util.HashMap.getNode(ILjava/lang/Object;)Ljava/util/HashMap$Node; @ 59 c2
Event: 0.718 Thread 0x0000027249d1f800 Uncommon trap: reason=class_check action=maybe_recompile pc=0x000002725d8bb5f8 method=java.util.HashMap.getNode(ILjava/lang/Object;)Ljava/util/HashMap$Node; @ 59 c2
Event: 0.718 Thread 0x0000027249d1f800 Uncommon trap: reason=class_check action=maybe_recompile pc=0x000002725d8bb5f8 method=java.util.HashMap.getNode(ILjava/lang/Object;)Ljava/util/HashMap$Node; @ 59 c2
Event: 0.718 Thread 0x0000027249d1f800 Uncommon trap: reason=class_check action=maybe_recompile pc=0x000002725d8bb5f8 method=java.util.HashMap.getNode(ILjava/lang/Object;)Ljava/util/HashMap$Node; @ 59 c2
Event: 0.735 Thread 0x0000027249d1f800 Uncommon trap: reason=unstable_fused_if action=reinterpret pc=0x000002725d89846c method=java.util.HashMap.resize()[Ljava/util/HashMap$Node; @ 31 c2
Event: 0.920 Thread 0x000002726ec18800 Uncommon trap: reason=bimorphic_or_optimized_type_check action=maybe_recompile pc=0x000002725d8cfca8 method=java.util.HashMap.getNode(ILjava/lang/Object;)Ljava/util/HashMap$Node; @ 59 c2
Event: 0.933 Thread 0x000002726d936800 Uncommon trap: reason=bimorphic_or_optimized_type_check action=maybe_recompile pc=0x000002725d8cfca8 method=java.util.HashMap.getNode(ILjava/lang/Object;)Ljava/util/HashMap$Node; @ 59 c2
Event: 3.525 Thread 0x000002726ec5d000 Uncommon trap: reason=unstable_if action=reinterpret pc=0x000002725d8ce7c4 method=java.lang.AbstractStringBuilder.append(Ljava/lang/String;)Ljava/lang/AbstractStringBuilder; @ 1 c2

Classes redefined (0 events):
No events

Internal exceptions (10 events):
Event: 0.720 Thread 0x0000027249d1f800 Exception <a 'java/lang/NoSuchMethodError'{0x00000000891da3c0}: java.lang.invoke.DirectMethodHandle$Holder.invokeStatic(Ljava/lang/Object;Ljava/lang/Object;Ljava/lang/Object;Ljava/lang/Object;Ljava/lang/Object;Ljava/lang/Object;Ljava/lang/Object;Ljava/lan
Event: 0.721 Thread 0x0000027249d1f800 Exception <a 'java/lang/NoSuchMethodError'{0x00000000891f8768}: java.lang.invoke.DirectMethodHandle$Holder.invokeStatic(Ljava/lang/Object;Ljava/lang/Object;Ljava/lang/Object;Ljava/lang/Object;Ljava/lang/Object;Ljava/lang/Object;Ljava/lang/Object;Ljava/lan
Event: 0.723 Thread 0x0000027249d1f800 Exception <a 'java/lang/NoSuchMethodError'{0x0000000089017e30}: java.lang.invoke.DirectMethodHandle$Holder.invokeStatic(Ljava/lang/Object;Ljava/lang/Object;Ljava/lang/Object;Ljava/lang/Object;Ljava/lang/Object;Ljava/lang/Object;Ljava/lang/Object;Ljava/lan
Event: 0.725 Thread 0x0000027249d1f800 Exception <a 'java/lang/NoSuchMethodError'{0x0000000089038828}: java.lang.invoke.DirectMethodHandle$Holder.invokeStatic(Ljava/lang/Object;Ljava/lang/Object;Ljava/lang/Object;Ljava/lang/Object;Ljava/lang/Object;Ljava/lang/Object;Ljava/lang/Object;Ljava/lan
Event: 0.896 Thread 0x000002726ec18800 Exception <a 'java/lang/ClassNotFoundException'{0x00000000890e5c90}: com/sun/swing/internal/plaf/synth/resources/spi/synthProvider> (0x00000000890e5c90) thrown at [c:/workspace/9-2-build-windows-amd64-cygwin-phase2/jdk9/6725/hotspot/src/share/vm/classfile
Event: 3.525 Thread 0x000002726ec5d000 Implicit null exception at 0x000002725d8ce2f4 to 0x000002725d8ce7ad
Event: 3.525 Thread 0x000002726ec5d000 Exception <a 'java/io/FileNotFoundException'{0x0000000088e78b38}> (0x0000000088e78b38) thrown at [c:/workspace/9-2-build-windows-amd64-cygwin-phase2/jdk9/6725/hotspot/src/share/vm/prims/jni.cpp, line 604]
Event: 3.533 Thread 0x000002726ec5d000 Exception <a 'java/io/FileNotFoundException'{0x0000000088e8a610}> (0x0000000088e8a610) thrown at [c:/workspace/9-2-build-windows-amd64-cygwin-phase2/jdk9/6725/hotspot/src/share/vm/prims/jni.cpp, line 604]
Event: 3.534 Thread 0x000002726ec5d000 Exception <a 'java/io/FileNotFoundException'{0x0000000088e98940}> (0x0000000088e98940) thrown at [c:/workspace/9-2-build-windows-amd64-cygwin-phase2/jdk9/6725/hotspot/src/share/vm/prims/jni.cpp, line 604]
Event: 3.536 Thread 0x000002726ec5d000 Exception <a 'java/io/FileNotFoundException'{0x0000000088ea9fc8}> (0x0000000088ea9fc8) thrown at [c:/workspace/9-2-build-windows-amd64-cygwin-phase2/jdk9/6725/hotspot/src/share/vm/prims/jni.cpp, line 604]

Events (10 events):
Event: 3.557 loading class java/text/AttributedCharacterIterator done
Event: 3.557 loading class java/text/AttributedString$AttributedStringIterator done
Event: 3.557 loading class java/awt/Panel done
Event: 3.557 loading class java/applet/Applet done
Event: 3.558 loading class javax/swing/CellRendererPane
Event: 3.558 loading class javax/swing/CellRendererPane done
Event: 3.558 loading class javax/swing/RepaintManager$3
Event: 3.558 loading class javax/swing/RepaintManager$3 done
Event: 3.699 loading class gnu/io/SerialPortEvent
Event: 3.699 loading class gnu/io/SerialPortEvent done


Dynamic libraries:
0x00007ff7956d0000 - 0x00007ff79570e000 	C:\Program Files\Java\jdk-9\bin\java.exe
0x00007ff8a9eb0000 - 0x00007ff8aa090000 	C:\WINDOWS\SYSTEM32\ntdll.dll
0x00007ff8a9b60000 - 0x00007ff8a9c0e000 	C:\WINDOWS\System32\KERNEL32.DLL
0x00007ff8a6dc0000 - 0x00007ff8a7026000 	C:\WINDOWS\System32\KERNELBASE.dll
0x00007ff8a9060000 - 0x00007ff8a9101000 	C:\WINDOWS\System32\ADVAPI32.dll
0x00007ff8a93b0000 - 0x00007ff8a944d000 	C:\WINDOWS\System32\msvcrt.dll
0x00007ff8a9c80000 - 0x00007ff8a9cdb000 	C:\WINDOWS\System32\sechost.dll
0x00007ff8a7800000 - 0x00007ff8a791f000 	C:\WINDOWS\System32\RPCRT4.dll
0x00007ff8a99b0000 - 0x00007ff8a9b3f000 	C:\WINDOWS\System32\USER32.dll
0x00007ff8a65d0000 - 0x00007ff8a65f0000 	C:\WINDOWS\System32\win32u.dll
0x00007ff8a9380000 - 0x00007ff8a93a8000 	C:\WINDOWS\System32\GDI32.dll
0x00007ff8a70e0000 - 0x00007ff8a7273000 	C:\WINDOWS\System32\gdi32full.dll
0x00007ff8a6360000 - 0x00007ff8a63fb000 	C:\WINDOWS\System32\msvcp_win.dll
0x00007ff8a7280000 - 0x00007ff8a7376000 	C:\WINDOWS\System32\ucrtbase.dll
0x00007ff899400000 - 0x00007ff899669000 	C:\WINDOWS\WinSxS\amd64_microsoft.windows.common-controls_6595b64144ccf1df_6.0.16299.248_none_15ced204935f55d7\COMCTL32.dll
0x00007ff8a74f0000 - 0x00007ff8a77f8000 	C:\WINDOWS\System32\combase.dll
0x00007ff8a6d40000 - 0x00007ff8a6db2000 	C:\WINDOWS\System32\bcryptPrimitives.dll
0x00007ff89cec0000 - 0x00007ff89ceca000 	C:\WINDOWS\SYSTEM32\VERSION.dll
0x00007ff8a9030000 - 0x00007ff8a905d000 	C:\WINDOWS\System32\IMM32.DLL
0x00007ff87b2e0000 - 0x00007ff87b3cf000 	C:\Program Files\Java\jdk-9\bin\msvcr120.dll
0x00007ff87a3f0000 - 0x00007ff87a496000 	C:\Program Files\Java\jdk-9\bin\msvcp120.dll
0x0000000061930000 - 0x000000006235a000 	C:\Program Files\Java\jdk-9\bin\server\jvm.dll
0x00007ff8a9e60000 - 0x00007ff8a9e68000 	C:\WINDOWS\System32\PSAPI.DLL
0x00007ff8980b0000 - 0x00007ff8980b9000 	C:\WINDOWS\SYSTEM32\WSOCK32.dll
0x00007ff8a3c80000 - 0x00007ff8a3ca3000 	C:\WINDOWS\SYSTEM32\WINMM.dll
0x00007ff8a9c10000 - 0x00007ff8a9c7c000 	C:\WINDOWS\System32\WS2_32.dll
0x00007ff8a3300000 - 0x00007ff8a332a000 	C:\WINDOWS\SYSTEM32\WINMMBASE.dll
0x00007ff8a7090000 - 0x00007ff8a70da000 	C:\WINDOWS\System32\cfgmgr32.dll
0x00007ff89ebd0000 - 0x00007ff89ebdf000 	C:\Program Files\Java\jdk-9\bin\verify.dll
0x00007ff894b70000 - 0x00007ff894b97000 	C:\Program Files\Java\jdk-9\bin\java.dll
0x00007ff89d240000 - 0x00007ff89d256000 	C:\Program Files\Java\jdk-9\bin\zip.dll
0x00007ff89d060000 - 0x00007ff89d06a000 	C:\Program Files\Java\jdk-9\bin\jimage.dll
0x00007ff8a7ac0000 - 0x00007ff8a8ef6000 	C:\WINDOWS\System32\SHELL32.dll
0x00007ff8a9450000 - 0x00007ff8a94f6000 	C:\WINDOWS\System32\shcore.dll
0x00007ff8a65f0000 - 0x00007ff8a6d37000 	C:\WINDOWS\System32\windows.storage.dll
0x00007ff8a9950000 - 0x00007ff8a99a1000 	C:\WINDOWS\System32\shlwapi.dll
0x00007ff8a6200000 - 0x00007ff8a6211000 	C:\WINDOWS\System32\kernel.appcore.dll
0x00007ff8a6260000 - 0x00007ff8a62ac000 	C:\WINDOWS\System32\powrprof.dll
0x00007ff8a6240000 - 0x00007ff8a625b000 	C:\WINDOWS\System32\profapi.dll
0x00007ff897900000 - 0x00007ff89791a000 	C:\Program Files\Java\jdk-9\bin\net.dll
0x00007ff8a24e0000 - 0x00007ff8a25be000 	C:\WINDOWS\SYSTEM32\WINHTTP.dll
0x00007ff8a5a90000 - 0x00007ff8a5af6000 	C:\WINDOWS\system32\mswsock.dll
0x00007ff890e80000 - 0x00007ff890e91000 	C:\Program Files\Java\jdk-9\bin\nio.dll
0x00007ff8740a0000 - 0x00007ff87423a000 	C:\Program Files\Java\jdk-9\bin\awt.dll
0x00007ff8a8f60000 - 0x00007ff8a9025000 	C:\WINDOWS\System32\OLEAUT32.dll
0x00007ff8a3cb0000 - 0x00007ff8a4268000 	C:\WINDOWS\SYSTEM32\d2d1.dll
0x00007ff8a6400000 - 0x00007ff8a65ce000 	C:\WINDOWS\System32\CRYPT32.dll
0x00007ff8a6220000 - 0x00007ff8a6232000 	C:\WINDOWS\System32\MSASN1.dll
0x00007ff8a4770000 - 0x00007ff8a47f8000 	C:\WINDOWS\SYSTEM32\apphelp.dll
0x00007ff8a49c0000 - 0x00007ff8a4a55000 	C:\WINDOWS\system32\uxtheme.dll
0x00007ff8a7380000 - 0x00007ff8a74e7000 	C:\WINDOWS\System32\MSCTF.dll
0x00007ff8a4a90000 - 0x00007ff8a4aba000 	C:\WINDOWS\system32\dwmapi.dll
0x00007ff8a9190000 - 0x00007ff8a92d9000 	C:\WINDOWS\System32\ole32.dll
0x00007ff87a350000 - 0x00007ff87a3ed000 	C:\Program Files\Java\jdk-9\bin\fontmanager.dll
0x00007ff8819a0000 - 0x00007ff881abe000 	C:\WINDOWS\system32\opengl32.dll
0x00007ff881930000 - 0x00007ff88195c000 	C:\WINDOWS\SYSTEM32\GLU32.dll
0x0000000180000000 - 0x0000000180025000 	C:\Program Files\Java\jdk-9\bin\rxtxSerial.dll
0x00007ff87df80000 - 0x00007ff87dfc2000 	C:\Program Files\Java\jdk-9\bin\t2k.dll
0x00007ff893b30000 - 0x00007ff893cf8000 	C:\WINDOWS\SYSTEM32\dbghelp.dll

VM Arguments:
jvm_args: -Dfile.encoding=UTF-8 --module-path=C:\Users\jarde\OneDrive\Documentos\GitHub\Archery_Simulator\Hardware\Comunicação Bluetooth\RXTX Java\Java read arduino sensors\JavaReadArduinoSensors\build\classes 
java_command: view.ViewSensors
java_class_path (initial): C:\Users\jarde\OneDrive\Documentos\GitHub\Archery_Simulator\Hardware\Comunicação Bluetooth\RXTX Java\Biblioteca RXTX\mfz-rxtx-2.2-20081207-win-x64\RXTXcomm.jar;C:\Users\jarde\OneDrive\Documentos\GitHub\Archery_Simulator\Hardware\Comunicação Bluetooth\RXTX Java\Java read arduino sensors\JavaReadArduinoSensors\RXTXcomm.jar;C:\Users\jarde\OneDrive\Documentos\GitHub\Archery_Simulator\Hardware\Comunicação Bluetooth\RXTX Java\Java read arduino sensors\JavaReadArduinoSensors\build\classes
Launcher Type: SUN_STANDARD

Logging:
Log output configuration:
#0: stdout all=warning uptime,level,tags
#1: stderr all=off uptime,level,tags

Environment Variables:
JAVA_HOME=C:\Program Files\Java\jdk-9
CLASSPATH=.;JAVA_HOME
PATH=C:\Program Files (x86)\Common Files\Intel\Shared Files\cpp\bin\Intel64;C:\ProgramData\Oracle\Java\javapath;C:\Program Files (x86)\Intel\iCLS Client\;C:\Program Files\Intel\iCLS Client\;C:\windows\system32;C:\windows;C:\windows\System32\Wbem;C:\windows\System32\WindowsPowerShell\v1.0\;C:\Program Files (x86)\NVIDIA Corporation\PhysX\Common;C:\Program Files\Samsung\SamsungLink\AllShare Framework DMS\bin\;C:\Program Files (x86)\Intel\Intel(R) Management Engine Components\DAL;C:\Program Files\Intel\Intel(R) Management Engine Components\DAL;C:\Program Files (x86)\Intel\Intel(R) Management Engine Components\IPT;C:\Program Files\Intel\Intel(R) Management Engine Components\IPT;C:\WINDOWS\system32;C:\WINDOWS;C:\WINDOWS\System32\Wbem;C:\WINDOWS\System32\WindowsPowerShell\v1.0\;C:\Program Files (x86)\IVI Foundation\VISA\WinNT\Bin;C:\Program Files (x86)\PuTTY\;C:\Program Files\Java\jdk-9\bin;C:\Program Files (x86)\Windows Live\Shared;C:\Users\jarde\AppData\Local\Programs\Python\Python36-32\Scripts\;C:\Users\jarde\AppData\Local\Programs\Python\Python36-32\;C:\Users\jarde\AppData\Local\Microsoft\WindowsApps;C:\Program Files (x86)\Microsoft VS Code\bin;C:\Program Files\Java\jdk-9\bin;
USERNAME=jarde
OS=Windows_NT
PROCESSOR_IDENTIFIER=Intel64 Family 6 Model 61 Stepping 4, GenuineIntel



---------------  S Y S T E M  ---------------

OS: Windows 10 , 64 bit Build 16299 (10.0.16299.15)

CPU:total 4 (initial active 4) (2 cores per cpu, 2 threads per core) family 6 model 61 stepping 4, cmov, cx8, fxsr, mmx, sse, sse2, sse3, ssse3, sse4.1, sse4.2, popcnt, avx, avx2, aes, clmul, erms, 3dnowpref, lzcnt, ht, tsc, tscinvbit, bmi1, bmi2, adx, fma

Memory: 4k page, physical 8280996k(2696176k free), swap 14048164k(6584964k free)

vm_info: Java HotSpot(TM) 64-Bit Server VM (9+181) for windows-amd64 JRE (9+181), built on Aug  2 2017 21:30:51 by "javare" with MS VC++ 12.0 (VS2013)

END.
